2024-10-22 13:19:41,089 [INFO] Activator:176 - 


2024-10-22 13:19:41,089 [INFO] Activator:177 - !SESSION log4j initialized
2024-10-22 13:19:45,868 [INFO] LogOutputStream:77 - [STDOUT_REDIRECT] 
2024-10-22 13:19:53,572 [INFO] ApplicationProperties:184 - Using Application install path: C:\ST\STM32CubeIDE_1.15.1\STM32CubeIDE\plugins\com.st.stm32cube.common.mx_6.12.0.202406281431
2024-10-22 13:19:53,587 [INFO] DbMcusXml:78 - Set database path to: C:\ST\STM32CubeIDE_1.15.1\STM32CubeIDE\plugins\com.st.stm32cube.common.mx_6.12.0.202406281431\\db\/mcu/
2024-10-22 13:19:53,587 [INFO] ApiDb:274 - Set plugin database path to: C:\ST\STM32CubeIDE_1.15.1\STM32CubeIDE\plugins\com.st.stm32cube.common.mx_6.12.0.202406281431\\db\/plugins/boardmanager/
2024-10-22 13:19:53,588 [WARN] ApiDb:259 - Overriding images path with different value:  => C:\ST\STM32CubeIDE_1.15.1\STM32CubeIDE\plugins\com.st.stm32cube.common.mx_6.12.0.202406281431\\db\/plugins/mcufinder/images/
2024-10-22 13:19:53,598 [INFO] ApiDb:250 - Set database path to: C:\Users\Visita\.stmcufinder\plugins\mcufinder//mcu/
2024-10-22 13:19:53,599 [INFO] DbMcusAds:125 - Set database path to: C:\Users\Visita\.stmcufinder\plugins\mcufinder//mcu/
2024-10-22 13:19:53,600 [INFO] CrossReferenceDbSqlite:203 - Set database path to: C:\Users\Visita\.stmcufinder\plugins\mcufinder//mcu/cs/
2024-10-22 13:19:53,685 [INFO] RulesReader:64 - Compatibility file has been processed (297 Rules)
2024-10-22 13:19:53,741 [INFO] DbMcusXml:78 - Set database path to: C:\ST\STM32CubeIDE_1.15.1\STM32CubeIDE\plugins\com.st.stm32cube.common.mx_6.12.0.202406281431\\db\/mcu/
2024-10-22 13:19:53,741 [INFO] ApiDb:274 - Set plugin database path to: C:\ST\STM32CubeIDE_1.15.1\STM32CubeIDE\plugins\com.st.stm32cube.common.mx_6.12.0.202406281431\\db\/plugins/boardmanager/
2024-10-22 13:19:53,741 [INFO] ApiDb:261 - Set plugin images path to: C:\ST\STM32CubeIDE_1.15.1\STM32CubeIDE\plugins\com.st.stm32cube.common.mx_6.12.0.202406281431\\db\/plugins/mcufinder/images/
2024-10-22 13:19:53,741 [WARN] DbFile:41 - Overriding database path with different value: C:\Users\Visita\.stmcufinder\plugins\mcufinder/ => C:\Users\Visita\.stmcufinder\plugins\mcufinder
2024-10-22 13:19:53,741 [INFO] ApiDb:250 - Set database path to: C:\Users\Visita\.stmcufinder\plugins\mcufinder//mcu/
2024-10-22 13:19:53,741 [WARN] DbFile:41 - Overriding database path with different value: C:\Users\Visita\.stmcufinder\plugins\mcufinder/ => C:\Users\Visita\.stmcufinder\plugins\mcufinder
2024-10-22 13:19:53,741 [INFO] DbMcusAds:125 - Set database path to: C:\Users\Visita\.stmcufinder\plugins\mcufinder//mcu/
2024-10-22 13:19:53,741 [WARN] DbFile:41 - Overriding database path with different value: C:\Users\Visita\.stmcufinder\plugins\mcufinder/ => C:\Users\Visita\.stmcufinder\plugins\mcufinder
2024-10-22 13:19:53,741 [WARN] DbFile:41 - Overriding database path with different value: C:\Users\Visita\.stmcufinder\plugins\mcufinder/ => C:\Users\Visita\.stmcufinder\plugins\mcufinder
2024-10-22 13:19:53,741 [INFO] CrossReferenceDbSqlite:203 - Set database path to: C:\Users\Visita\.stmcufinder\plugins\mcufinder//mcu/cs/
2024-10-22 13:19:53,798 [INFO] MainPanel:268 - HeapMemory: 268435456
2024-10-22 13:19:53,882 [INFO] DbMcusXml:78 - Set database path to: C:\ST\STM32CubeIDE_1.15.1\STM32CubeIDE\plugins\com.st.stm32cube.common.mx_6.12.0.202406281431\\db\/mcu/
2024-10-22 13:19:53,882 [INFO] ApiDb:274 - Set plugin database path to: C:\ST\STM32CubeIDE_1.15.1\STM32CubeIDE\plugins\com.st.stm32cube.common.mx_6.12.0.202406281431\\db\/plugins/boardmanager/
2024-10-22 13:19:53,882 [INFO] ApiDb:261 - Set plugin images path to: C:\ST\STM32CubeIDE_1.15.1\STM32CubeIDE\plugins\com.st.stm32cube.common.mx_6.12.0.202406281431\\db\/plugins/mcufinder/images/
2024-10-22 13:19:53,882 [WARN] DbFile:41 - Overriding database path with different value: C:\Users\Visita\.stmcufinder\plugins\mcufinder/ => C:\Users\Visita\.stmcufinder\plugins\mcufinder
2024-10-22 13:19:53,882 [INFO] ApiDb:250 - Set database path to: C:\Users\Visita\.stmcufinder\plugins\mcufinder//mcu/
2024-10-22 13:19:53,882 [WARN] DbFile:41 - Overriding database path with different value: C:\Users\Visita\.stmcufinder\plugins\mcufinder/ => C:\Users\Visita\.stmcufinder\plugins\mcufinder
2024-10-22 13:19:53,883 [INFO] DbMcusAds:125 - Set database path to: C:\Users\Visita\.stmcufinder\plugins\mcufinder//mcu/
2024-10-22 13:19:53,883 [WARN] DbFile:41 - Overriding database path with different value: C:\Users\Visita\.stmcufinder\plugins\mcufinder/ => C:\Users\Visita\.stmcufinder\plugins\mcufinder
2024-10-22 13:19:53,883 [WARN] DbFile:41 - Overriding database path with different value: C:\Users\Visita\.stmcufinder\plugins\mcufinder/ => C:\Users\Visita\.stmcufinder\plugins\mcufinder
2024-10-22 13:19:53,883 [INFO] CrossReferenceDbSqlite:203 - Set database path to: C:\Users\Visita\.stmcufinder\plugins\mcufinder//mcu/cs/
2024-10-22 13:19:53,897 [INFO] ApplicationProperties:184 - Using Application install path: C:\ST\STM32CubeIDE_1.15.1\STM32CubeIDE\plugins\com.st.stm32cube.common.mx_6.12.0.202406281431
2024-10-22 13:19:53,897 [INFO] PluginManage:196 - Search for loadable plugins [exclusion list=, ]
2024-10-22 13:19:53,899 [INFO] PluginManage:310 - Check plugin analytics
2024-10-22 13:19:58,547 [INFO] AnalyticsPlugin:253 - Accepted Software Licenses: 
2024-10-22 13:19:58,547 [INFO] AnalyticsPlugin:255 - Accepted CMSIS Pack Licenses: 
2024-10-22 13:19:58,547 [INFO] AnalyticsPlugin:257 - Accepted Firmware Licenses: FW.F4.1.28.0
2024-10-22 13:19:58,549 [INFO] PluginManage:359 - Loaded plugin analytics (category:tool,tabindex:-1)
2024-10-22 13:19:58,550 [INFO] PluginManage:310 - Check plugin cadmodel
2024-10-22 13:19:58,563 [INFO] CADModel:105 - Init CAD model plugin
2024-10-22 13:19:58,563 [INFO] PluginManage:359 - Loaded plugin cadmodel (category:power,tabindex:5)
2024-10-22 13:19:58,563 [INFO] PluginManage:310 - Check plugin clock
2024-10-22 13:19:58,578 [INFO] PluginManage:359 - Loaded plugin clock (category:base,tabindex:2)
2024-10-22 13:19:58,578 [INFO] PluginManage:310 - Check plugin ddr
2024-10-22 13:19:58,580 [INFO] PluginManage:359 - Loaded plugin ddr (category:tool,tabindex:6)
2024-10-22 13:19:58,580 [INFO] PluginManage:310 - Check plugin filemanager
2024-10-22 13:19:58,687 [INFO] PluginManage:359 - Loaded plugin filemanager (category:base,tabindex:10)
2024-10-22 13:19:58,687 [INFO] PluginManage:310 - Check plugin ipmanager
2024-10-22 13:19:58,691 [INFO] PluginManage:359 - Loaded plugin ipmanager (category:base,tabindex:5)
2024-10-22 13:19:58,691 [INFO] PluginManage:310 - Check plugin lpbam
2024-10-22 13:19:58,704 [INFO] PluginManage:359 - Loaded plugin lpbam (category:base,tabindex:0)
2024-10-22 13:19:58,704 [INFO] PluginManage:310 - Check plugin memorymap
2024-10-22 13:19:58,721 [INFO] PluginManage:359 - Loaded plugin memorymap (category:base,tabindex:4)
2024-10-22 13:19:58,722 [INFO] PluginManage:310 - Check plugin pinoutandconfiguration
2024-10-22 13:19:58,733 [INFO] PluginManage:359 - Loaded plugin pinoutandconfiguration (category:base,tabindex:1)
2024-10-22 13:19:58,733 [INFO] PluginManage:310 - Check plugin pinoutconfig
2024-10-22 13:19:58,804 [WARN] SupportedApi:132 - Cannot load RTOS API schema: s4s-elt-must-match.1: The content of 'definitions' must match (annotation?, (simpleType | complexType)?, (unique | key | keyref)*)). A problem was found starting at: attribute.
2024-10-22 13:19:58,903 [INFO] PluginManage:359 - Loaded plugin pinoutconfig (category:base,tabindex:0)
2024-10-22 13:19:58,903 [INFO] PluginManage:310 - Check plugin power
2024-10-22 13:19:58,918 [INFO] PluginManage:359 - Loaded plugin power (category:power,tabindex:4)
2024-10-22 13:19:58,918 [INFO] PluginManage:310 - Check plugin projectmanager
2024-10-22 13:19:58,934 [INFO] PluginManage:359 - Loaded plugin projectmanager (category:projectmanager,tabindex:4)
2024-10-22 13:19:58,935 [INFO] PluginManage:310 - Check plugin rif
2024-10-22 13:19:58,948 [INFO] PluginManage:359 - Loaded plugin rif (category:base,tabindex:3)
2024-10-22 13:19:58,949 [INFO] PluginManage:310 - Check plugin thirdparty
2024-10-22 13:19:59,153 [INFO] PluginManage:359 - Loaded plugin thirdparty (category:base,tabindex:-1)
2024-10-22 13:19:59,153 [WARN] IntegrityCheckThread:84 - waiting for thirdparty lock release [integrity check]
2024-10-22 13:19:59,153 [INFO] PluginManage:310 - Check plugin tools
2024-10-22 13:19:59,153 [INFO] IntegrityCheckThread:86 - entering critical section [integrity check]
2024-10-22 13:19:59,154 [INFO] ThirdPartyUpdaterWithRetryManager:70 - Updater plugin not ready yet. [1/15]
2024-10-22 13:19:59,180 [INFO] PluginManage:359 - Loaded plugin tools (category:base,tabindex:7)
2024-10-22 13:19:59,180 [INFO] PluginManage:310 - Check plugin tutovideos
2024-10-22 13:19:59,345 [INFO] PluginManage:359 - Loaded plugin tutovideos (category:base,tabindex:-1)
2024-10-22 13:19:59,345 [INFO] PluginManage:310 - Check plugin updater
2024-10-22 13:19:59,359 [INFO] PluginManage:359 - Loaded plugin updater (category:base,tabindex:12)
2024-10-22 13:19:59,359 [INFO] PluginManage:310 - Check plugin userauth
2024-10-22 13:19:59,364 [INFO] UserAuth:113 - Init User Auth plugin
2024-10-22 13:19:59,364 [INFO] PluginManage:359 - Loaded plugin userauth (category:base,tabindex:14)
2024-10-22 13:19:59,370 [INFO] PluginManage:283 - PluginManage : Loaded plugins [18]
2024-10-22 13:19:59,524 [INFO] PinOutPanel:1561 - setPackage(No Configuration,No Configuration)
2024-10-22 13:19:59,586 [INFO] CADModel:165 - CPN selected for project level
2024-10-22 13:19:59,586 [INFO] CADModel:114 - Register for checkConnection events
2024-10-22 13:19:59,607 [INFO] IPUIPlugin:80 - create IPUIPlugin
2024-10-22 13:19:59,607 [INFO] PluginManager:220 - loadIPPluginJar : add adc
2024-10-22 13:19:59,634 [INFO] IPUIPlugin:80 - create IPUIPlugin
2024-10-22 13:19:59,635 [INFO] PluginManager:220 - loadIPPluginJar : add aes
2024-10-22 13:19:59,664 [INFO] IPUIPlugin:80 - create IPUIPlugin
2024-10-22 13:19:59,664 [INFO] PluginManager:220 - loadIPPluginJar : add can
2024-10-22 13:19:59,681 [INFO] IPUIPlugin:80 - create IPUIPlugin
2024-10-22 13:19:59,681 [INFO] PluginManager:220 - loadIPPluginJar : add comp
2024-10-22 13:19:59,704 [INFO] IPUIPlugin:80 - create IPUIPlugin
2024-10-22 13:19:59,704 [INFO] PluginManager:220 - loadIPPluginJar : add cryp
2024-10-22 13:19:59,714 [INFO] IPUIPlugin:80 - create IPUIPlugin
2024-10-22 13:19:59,714 [INFO] PluginManager:220 - loadIPPluginJar : add ddr_ctrl_phy
2024-10-22 13:19:59,735 [INFO] IPUIPlugin:80 - create IPUIPlugin
2024-10-22 13:19:59,735 [INFO] PluginManager:220 - loadIPPluginJar : add dfsdm
2024-10-22 13:19:59,745 [INFO] IPUIPlugin:80 - create IPUIPlugin
2024-10-22 13:19:59,745 [INFO] PluginManager:220 - loadIPPluginJar : add dma
2024-10-22 13:19:59,774 [INFO] IPUIPlugin:80 - create IPUIPlugin
2024-10-22 13:19:59,774 [INFO] PluginManager:220 - loadIPPluginJar : add dma3
2024-10-22 13:19:59,805 [INFO] IPUIPlugin:80 - create IPUIPlugin
2024-10-22 13:19:59,805 [INFO] PluginManager:220 - loadIPPluginJar : add extmemmanager
2024-10-22 13:19:59,820 [INFO] IPUIPlugin:80 - create IPUIPlugin
2024-10-22 13:19:59,820 [INFO] PluginManager:220 - loadIPPluginJar : add fatfs
2024-10-22 13:19:59,857 [INFO] IPUIPlugin:80 - create IPUIPlugin
2024-10-22 13:19:59,857 [INFO] PluginManager:220 - loadIPPluginJar : add fmc
2024-10-22 13:19:59,869 [INFO] IPUIPlugin:80 - create IPUIPlugin
2024-10-22 13:19:59,869 [INFO] PluginManager:220 - loadIPPluginJar : add freertos
2024-10-22 13:19:59,885 [INFO] IPUIPlugin:80 - create IPUIPlugin
2024-10-22 13:19:59,885 [INFO] PluginManager:220 - loadIPPluginJar : add genericplugin
2024-10-22 13:19:59,955 [INFO] IPUIPlugin:80 - create IPUIPlugin
2024-10-22 13:19:59,955 [INFO] PluginManager:220 - loadIPPluginJar : add gfxmmu
2024-10-22 13:20:00,054 [INFO] IPUIPlugin:80 - create IPUIPlugin
2024-10-22 13:20:00,054 [INFO] PluginManager:220 - loadIPPluginJar : add gic
2024-10-22 13:20:00,064 [INFO] IPUIPlugin:80 - create IPUIPlugin
2024-10-22 13:20:00,064 [INFO] PluginManager:220 - loadIPPluginJar : add gpio
2024-10-22 13:20:00,132 [INFO] IPUIPlugin:80 - create IPUIPlugin
2024-10-22 13:20:00,132 [INFO] PluginManager:220 - loadIPPluginJar : add gtzc
2024-10-22 13:20:00,156 [INFO] IPUIPlugin:80 - create IPUIPlugin
2024-10-22 13:20:00,156 [INFO] PluginManager:220 - loadIPPluginJar : add hash
2024-10-22 13:20:00,192 [INFO] IPUIPlugin:80 - create IPUIPlugin
2024-10-22 13:20:00,192 [INFO] PluginManager:220 - loadIPPluginJar : add i2c
2024-10-22 13:20:00,219 [INFO] IPUIPlugin:80 - create IPUIPlugin
2024-10-22 13:20:00,219 [INFO] PluginManager:220 - loadIPPluginJar : add i2s
2024-10-22 13:20:00,248 [INFO] IPUIPlugin:80 - create IPUIPlugin
2024-10-22 13:20:00,248 [INFO] PluginManager:220 - loadIPPluginJar : add i3c
2024-10-22 13:20:00,323 [INFO] IPUIPlugin:80 - create IPUIPlugin
2024-10-22 13:20:00,323 [INFO] PluginManager:220 - loadIPPluginJar : add ipddr
2024-10-22 13:20:00,383 [INFO] IPUIPlugin:80 - create IPUIPlugin
2024-10-22 13:20:00,383 [INFO] PluginManager:220 - loadIPPluginJar : add linkedlist
2024-10-22 13:20:00,406 [INFO] IPUIPlugin:80 - create IPUIPlugin
2024-10-22 13:20:00,406 [INFO] PluginManager:220 - loadIPPluginJar : add lorawan
2024-10-22 13:20:00,431 [INFO] IPUIPlugin:80 - create IPUIPlugin
2024-10-22 13:20:00,431 [INFO] PluginManager:220 - loadIPPluginJar : add ltdc
2024-10-22 13:20:00,441 [INFO] IPUIPlugin:80 - create IPUIPlugin
2024-10-22 13:20:00,441 [INFO] PluginManager:220 - loadIPPluginJar : add mdma
2024-10-22 13:20:00,451 [INFO] IPUIPlugin:80 - create IPUIPlugin
2024-10-22 13:20:00,451 [INFO] PluginManager:220 - loadIPPluginJar : add nvic
2024-10-22 13:20:00,475 [INFO] IPUIPlugin:80 - create IPUIPlugin
2024-10-22 13:20:00,475 [INFO] PluginManager:220 - loadIPPluginJar : add opamp
2024-10-22 13:20:00,516 [INFO] IPUIPlugin:80 - create IPUIPlugin
2024-10-22 13:20:00,516 [INFO] PluginManager:220 - loadIPPluginJar : add openamp
2024-10-22 13:20:00,545 [INFO] IPUIPlugin:80 - create IPUIPlugin
2024-10-22 13:20:00,545 [INFO] PluginManager:220 - loadIPPluginJar : add pdm2pcm
2024-10-22 13:20:00,556 [INFO] IPUIPlugin:80 - create IPUIPlugin
2024-10-22 13:20:00,558 [INFO] PluginManager:220 - loadIPPluginJar : add plateformsettings
2024-10-22 13:20:00,575 [INFO] IPUIPlugin:80 - create IPUIPlugin
2024-10-22 13:20:00,575 [INFO] PluginManager:220 - loadIPPluginJar : add quadspi
2024-10-22 13:20:00,596 [INFO] IPUIPlugin:80 - create IPUIPlugin
2024-10-22 13:20:00,597 [INFO] PluginManager:220 - loadIPPluginJar : add radio
2024-10-22 13:20:00,606 [INFO] IPUIPlugin:80 - create IPUIPlugin
2024-10-22 13:20:00,606 [INFO] PluginManager:220 - loadIPPluginJar : add resmgrutility
2024-10-22 13:20:00,643 [INFO] IPUIPlugin:80 - create IPUIPlugin
2024-10-22 13:20:00,643 [INFO] PluginManager:220 - loadIPPluginJar : add sai
2024-10-22 13:20:00,671 [INFO] IPUIPlugin:80 - create IPUIPlugin
2024-10-22 13:20:00,671 [INFO] PluginManager:220 - loadIPPluginJar : add spi
2024-10-22 13:20:00,726 [INFO] IPUIPlugin:80 - create IPUIPlugin
2024-10-22 13:20:00,726 [INFO] PluginManager:220 - loadIPPluginJar : add stm32_wpan
2024-10-22 13:20:00,744 [INFO] IPUIPlugin:80 - create IPUIPlugin
2024-10-22 13:20:00,744 [INFO] PluginManager:220 - loadIPPluginJar : add tim
2024-10-22 13:20:00,791 [INFO] IPUIPlugin:80 - create IPUIPlugin
2024-10-22 13:20:00,791 [INFO] PluginManager:220 - loadIPPluginJar : add touchsensing
2024-10-22 13:20:00,808 [INFO] IPUIPlugin:80 - create IPUIPlugin
2024-10-22 13:20:00,808 [INFO] PluginManager:220 - loadIPPluginJar : add tracer_emb
2024-10-22 13:20:00,825 [INFO] IPUIPlugin:80 - create IPUIPlugin
2024-10-22 13:20:00,826 [INFO] PluginManager:220 - loadIPPluginJar : add ts
2024-10-22 13:20:00,842 [INFO] IPUIPlugin:80 - create IPUIPlugin
2024-10-22 13:20:00,842 [INFO] PluginManager:220 - loadIPPluginJar : add tsc
2024-10-22 13:20:00,859 [INFO] IPUIPlugin:80 - create IPUIPlugin
2024-10-22 13:20:00,859 [INFO] PluginManager:220 - loadIPPluginJar : add ucpd
2024-10-22 13:20:00,892 [INFO] IPUIPlugin:80 - create IPUIPlugin
2024-10-22 13:20:00,892 [INFO] PluginManager:220 - loadIPPluginJar : add usart
2024-10-22 13:20:00,927 [INFO] IPUIPlugin:80 - create IPUIPlugin
2024-10-22 13:20:00,927 [INFO] PluginManager:220 - loadIPPluginJar : add usbx
2024-10-22 13:20:01,036 [INFO] CADModel:165 - CPN selected for project level
2024-10-22 13:20:01,036 [INFO] CADModel:114 - Register for checkConnection events
2024-10-22 13:20:01,036 [FATAL] Updater:334 - Updater called before beeing initialized
2024-10-22 13:20:01,036 [ERROR] CADModel:125 - Updater not yet initialized, retry later 
2024-10-22 13:20:01,132 [INFO] CADModel:165 - CPN selected for project level
2024-10-22 13:20:01,132 [INFO] CADModel:114 - Register for checkConnection events
2024-10-22 13:20:01,132 [FATAL] Updater:334 - Updater called before beeing initialized
2024-10-22 13:20:01,132 [ERROR] CADModel:125 - Updater not yet initialized, retry later 
2024-10-22 13:20:01,134 [FATAL] Updater:334 - Updater called before beeing initialized
2024-10-22 13:20:01,204 [FATAL] Updater:334 - Updater called before beeing initialized
2024-10-22 13:20:01,211 [INFO] DbMcusAds:53 - JSON generation date=Fri Sep 20 10:04:23 BRT 2024 (1726837463113)
2024-10-22 13:20:01,211 [FATAL] Updater:334 - Updater called before beeing initialized
2024-10-22 13:20:01,242 [WARN] DetailPanel:346 - Failed to get advertising image, set to default
2024-10-22 13:20:01,307 [FATAL] Updater:334 - Updater called before beeing initialized
2024-10-22 13:20:01,309 [FATAL] Updater:334 - Updater called before beeing initialized
2024-10-22 13:20:01,309 [FATAL] Updater:334 - Updater called before beeing initialized
2024-10-22 13:20:01,309 [WARN] DetailPanel:346 - Failed to get advertising image, set to default
2024-10-22 13:20:01,309 [FATAL] Updater:334 - Updater called before beeing initialized
2024-10-22 13:20:01,350 [ERROR] Updater:1164 - MainUpdater not yet initialized. External WinMGr cannot be set.
2024-10-22 13:20:01,358 [INFO] Updater:1100 - Updater Version found : 6.12.0
2024-10-22 13:20:01,371 [INFO] ApplicationProperties:184 - Using Application install path: C:\ST\STM32CubeIDE_1.15.1\STM32CubeIDE\plugins\com.st.stm32cube.common.mx_6.12.0.202406281431
2024-10-22 13:20:01,731 [INFO] MainUpdater:2873 - connection check result : 10
2024-10-22 13:20:01,731 [INFO] MainUpdater:290 - Updater Check For Update Now.
2024-10-22 13:20:01,731 [INFO] MicroXplorer:498 - Change Database Version : DB.6.0.120
2024-10-22 13:20:01,746 [INFO] McuFinderGlobals:63 - Set McuFinder mode to 2 (CubeIDE integrated)
2024-10-22 13:20:01,752 [INFO] UserAuth:417 - Internet connection configuration mode: 1
2024-10-22 13:20:01,774 [INFO] JxBrowserEngine:152 - Initiate JxBrowser Engine with user profile folder
2024-10-22 13:20:01,946 [INFO] CheckServerUpdateThread:120 - End of CheckServer Thread
2024-10-22 13:20:02,296 [WARN] PackLoader:240 - Cannot read IP mode file for STMicroelectronics.FP-SNS-MOTENVWB1.1.4.0
2024-10-22 13:20:02,310 [WARN] PackLoader:240 - Cannot read IP mode file for STMicroelectronics.X-CUBE-SMBUS.2.1.0
2024-10-22 13:20:02,325 [WARN] PackLoader:240 - Cannot read IP mode file for STMicroelectronics.X-CUBE-WB05N.1.1.0
2024-10-22 13:20:02,355 [WARN] PackLoader:240 - Cannot read IP mode file for STMicroelectronics.X-CUBE-AZRTOS-F7.1.1.0
2024-10-22 13:20:02,412 [WARN] PackLoader:240 - Cannot read IP mode file for STMicroelectronics.X-CUBE-MEMS1.11.0.0
2024-10-22 13:20:02,512 [WARN] PackLoader:240 - Cannot read IP mode file for STMicroelectronics.FP-SNS-FLIGHT1.5.0.2
2024-10-22 13:20:02,524 [WARN] PackLoader:240 - Cannot read IP mode file for STMicroelectronics.X-CUBE-DISPLAY.3.0.0
2024-10-22 13:20:02,536 [WARN] PackLoader:240 - Cannot read IP mode file for STMicroelectronics.X-CUBE-BLE1.7.0.0
2024-10-22 13:20:02,547 [WARN] PackLoader:240 - Cannot read IP mode file for STMicroelectronics.X-CUBE-NFC10.1.0.0
2024-10-22 13:20:02,558 [WARN] PackLoader:240 - Cannot read IP mode file for emotas.I-CUBE-CANOPEN.1.3.0
2024-10-22 13:20:02,571 [WARN] PackLoader:240 - Cannot read IP mode file for STMicroelectronics.X-CUBE-BLEMGR.3.1.0
2024-10-22 13:20:02,581 [WARN] PackLoader:240 - Cannot read IP mode file for STMicroelectronics.FP-SNS-SMARTAG2.1.2.0
2024-10-22 13:20:02,596 [INFO] LogOutputStream:77 - [STDOUT_REDIRECT] 1 : Invalid condition id : UX_CORESTACK_Condition cause : null
2024-10-22 13:20:02,596 [INFO] LogOutputStream:77 - [STDOUT_REDIRECT] 1 : Invalid condition id : UX_CORESTACK_Condition cause : null
2024-10-22 13:20:02,597 [INFO] LogOutputStream:77 - [STDOUT_REDIRECT] 1 : Invalid condition id : UX_CORESTACK_Condition cause : null
2024-10-22 13:20:02,598 [INFO] LogOutputStream:77 - [STDOUT_REDIRECT] 1 : Invalid condition id : UX_CORESTACK_Condition cause : null
2024-10-22 13:20:02,598 [INFO] LogOutputStream:77 - [STDOUT_REDIRECT] 1 : Invalid condition id : UX_CORESTACK_Condition cause : null
2024-10-22 13:20:02,600 [WARN] PackLoader:240 - Cannot read IP mode file for STMicroelectronics.X-CUBE-AZRTOS-WL.2.0.0
2024-10-22 13:20:02,611 [WARN] PackLoader:240 - Cannot read IP mode file for STMicroelectronics.FP-SNS-MOTENV1.5.0.0
2024-10-22 13:20:02,620 [WARN] PackLoader:240 - Cannot read IP mode file for wolfSSL.I-CUBE-wolfMQTT.1.19.0
2024-10-22 13:20:02,631 [WARN] PackLoader:240 - Cannot read IP mode file for WES.I-CUBE-Cesium.1.3.0
2024-10-22 13:20:02,642 [WARN] PackLoader:240 - Cannot read IP mode file for STMicroelectronics.X-CUBE-BLE2.3.3.0
2024-10-22 13:20:02,653 [WARN] PackLoader:240 - Cannot read IP mode file for STMicroelectronics.X-CUBE-NFC9.1.0.0
2024-10-22 13:20:02,663 [WARN] PackLoader:240 - Cannot read IP mode file for STMicroelectronics.X-CUBE-TCPP.4.1.0
2024-10-22 13:20:02,690 [WARN] PackLoader:240 - Cannot read IP mode file for STMicroelectronics.X-CUBE-AZRTOS-G0.1.1.0
2024-10-22 13:20:02,703 [WARN] PackLoader:240 - Cannot read IP mode file for STMicroelectronics.X-CUBE-SAFEA1.1.2.2
2024-10-22 13:20:02,714 [WARN] PackLoader:240 - Cannot read IP mode file for STMicroelectronics.X-CUBE-NFC4.3.0.0
2024-10-22 13:20:02,735 [WARN] PackLoader:240 - Cannot read IP mode file for EmbeddedOffice.I-CUBE-FS-RTOS.1.0.1
2024-10-22 13:20:02,736 [ERROR] ConditionMgr:805 - Attr not supported : Dmpu
2024-10-22 13:20:02,736 [ERROR] ConditionMgr:805 - Attr not supported : Dmpu
2024-10-22 13:20:02,736 [ERROR] ConditionMgr:805 - Attr not supported : Dmpu
2024-10-22 13:20:02,736 [ERROR] ConditionMgr:805 - Attr not supported : Dmpu
2024-10-22 13:20:02,736 [ERROR] ConditionMgr:805 - Attr not supported : Dmpu
2024-10-22 13:20:02,736 [ERROR] ConditionMgr:805 - Attr not supported : Dmpu
2024-10-22 13:20:02,736 [ERROR] ConditionMgr:805 - Attr not supported : Dmpu
2024-10-22 13:20:02,736 [ERROR] ConditionMgr:805 - Attr not supported : Dmpu
2024-10-22 13:20:02,737 [ERROR] ConditionMgr:805 - Attr not supported : Dmpu
2024-10-22 13:20:02,737 [ERROR] ConditionMgr:805 - Attr not supported : Dmpu
2024-10-22 13:20:02,737 [ERROR] ConditionMgr:805 - Attr not supported : Dmpu
2024-10-22 13:20:02,737 [ERROR] ConditionMgr:805 - Attr not supported : Dmpu
2024-10-22 13:20:02,737 [ERROR] ConditionMgr:805 - Attr not supported : Dmpu
2024-10-22 13:20:02,737 [ERROR] ConditionMgr:805 - Attr not supported : Dmpu
2024-10-22 13:20:02,737 [ERROR] ConditionMgr:805 - Attr not supported : Dmpu
2024-10-22 13:20:02,737 [ERROR] ConditionMgr:805 - Attr not supported : Dmpu
2024-10-22 13:20:02,737 [ERROR] ConditionMgr:805 - Attr not supported : Dmpu
2024-10-22 13:20:02,737 [ERROR] ConditionMgr:805 - Attr not supported : Dmpu
2024-10-22 13:20:02,737 [ERROR] ConditionMgr:805 - Attr not supported : Dmpu
2024-10-22 13:20:02,737 [ERROR] ConditionMgr:805 - Attr not supported : Dmpu
2024-10-22 13:20:02,737 [ERROR] ConditionMgr:805 - Attr not supported : Dmpu
2024-10-22 13:20:02,738 [ERROR] ConditionMgr:805 - Attr not supported : Dmpu
2024-10-22 13:20:02,738 [ERROR] ConditionMgr:805 - Attr not supported : Dmpu
2024-10-22 13:20:02,740 [ERROR] ConditionMgr:805 - Attr not supported : Dmpu
2024-10-22 13:20:02,740 [ERROR] ConditionMgr:805 - Attr not supported : Dmpu
2024-10-22 13:20:02,740 [ERROR] ConditionMgr:805 - Attr not supported : Dmpu
2024-10-22 13:20:02,740 [ERROR] ConditionMgr:805 - Attr not supported : Dmpu
2024-10-22 13:20:02,740 [ERROR] ConditionMgr:805 - Attr not supported : Dmpu
2024-10-22 13:20:02,740 [ERROR] ConditionMgr:805 - Attr not supported : Dmpu
2024-10-22 13:20:02,740 [ERROR] ConditionMgr:805 - Attr not supported : Dmpu
2024-10-22 13:20:02,740 [ERROR] ConditionMgr:805 - Attr not supported : Dmpu
2024-10-22 13:20:02,740 [ERROR] ConditionMgr:805 - Attr not supported : Dmpu
2024-10-22 13:20:02,740 [ERROR] ConditionMgr:805 - Attr not supported : Dmpu
2024-10-22 13:20:02,740 [ERROR] ConditionMgr:805 - Attr not supported : Dmpu
2024-10-22 13:20:02,740 [ERROR] ConditionMgr:805 - Attr not supported : Dmpu
2024-10-22 13:20:02,740 [ERROR] ConditionMgr:805 - Attr not supported : Dmpu
2024-10-22 13:20:02,741 [ERROR] ConditionMgr:805 - Attr not supported : Dmpu
2024-10-22 13:20:02,741 [ERROR] ConditionMgr:805 - Attr not supported : Dmpu
2024-10-22 13:20:02,741 [ERROR] ConditionMgr:805 - Attr not supported : Dmpu
2024-10-22 13:20:02,741 [ERROR] ConditionMgr:805 - Attr not supported : Dmpu
2024-10-22 13:20:02,741 [ERROR] ConditionMgr:805 - Attr not supported : Dmpu
2024-10-22 13:20:02,741 [ERROR] ConditionMgr:805 - Attr not supported : Dmpu
2024-10-22 13:20:02,741 [ERROR] ConditionMgr:805 - Attr not supported : Dmpu
2024-10-22 13:20:02,741 [ERROR] ConditionMgr:805 - Attr not supported : Dmpu
2024-10-22 13:20:02,741 [ERROR] ConditionMgr:805 - Attr not supported : Dmpu
2024-10-22 13:20:02,741 [ERROR] ConditionMgr:805 - Attr not supported : Dmpu
2024-10-22 13:20:02,741 [ERROR] ConditionMgr:805 - Attr not supported : Dmpu
2024-10-22 13:20:02,741 [ERROR] ConditionMgr:805 - Attr not supported : Dmpu
2024-10-22 13:20:02,741 [ERROR] ConditionMgr:805 - Attr not supported : Dmpu
2024-10-22 13:20:02,741 [ERROR] ConditionMgr:805 - Attr not supported : Dmpu
2024-10-22 13:20:02,741 [ERROR] ConditionMgr:805 - Attr not supported : Dmpu
2024-10-22 13:20:02,741 [ERROR] ConditionMgr:805 - Attr not supported : Dmpu
2024-10-22 13:20:02,741 [ERROR] ConditionMgr:805 - Attr not supported : Dmpu
2024-10-22 13:20:02,741 [ERROR] ConditionMgr:805 - Attr not supported : Dmpu
2024-10-22 13:20:02,741 [ERROR] ConditionMgr:805 - Attr not supported : Dmpu
2024-10-22 13:20:02,742 [ERROR] ConditionMgr:805 - Attr not supported : Dmpu
2024-10-22 13:20:02,742 [ERROR] ConditionMgr:805 - Attr not supported : Dmpu
2024-10-22 13:20:02,742 [ERROR] ConditionMgr:805 - Attr not supported : Dmpu
2024-10-22 13:20:02,742 [ERROR] ConditionMgr:805 - Attr not supported : Dmpu
2024-10-22 13:20:02,742 [ERROR] ConditionMgr:805 - Attr not supported : Dmpu
2024-10-22 13:20:02,742 [ERROR] ConditionMgr:805 - Attr not supported : Dmpu
2024-10-22 13:20:02,742 [ERROR] ConditionMgr:805 - Attr not supported : Dmpu
2024-10-22 13:20:02,742 [ERROR] ConditionMgr:805 - Attr not supported : Dmpu
2024-10-22 13:20:02,742 [ERROR] ConditionMgr:805 - Attr not supported : Dmpu
2024-10-22 13:20:02,769 [WARN] PackLoader:240 - Cannot read IP mode file for RealThread.X-CUBE-RT-Thread_Nano.4.1.1
2024-10-22 13:20:02,779 [WARN] PackLoader:240 - Cannot read IP mode file for STMicroelectronics.FP-ATR-SIGFOX1.3.2.0
2024-10-22 13:20:02,788 [WARN] PackLoader:240 - Cannot read IP mode file for wolfSSL.I-CUBE-wolfSSL.5.7.2
2024-10-22 13:20:02,799 [WARN] PackLoader:240 - Cannot read IP mode file for STMicroelectronics.X-CUBE-EEPRMA1.5.1.0
2024-10-22 13:20:02,811 [WARN] PackLoader:240 - Cannot read IP mode file for ITTIA_DB.I-CUBE-ITTIADB.8.9.0
2024-10-22 13:20:02,839 [WARN] PackLoader:240 - Cannot read IP mode file for SEGGER.I-CUBE-embOS.1.3.1
2024-10-22 13:20:02,867 [WARN] PackLoader:240 - Cannot read IP mode file for STMicroelectronics.X-CUBE-ALGOBUILD.1.4.0
2024-10-22 13:20:02,877 [WARN] PackLoader:240 - Cannot read IP mode file for STMicroelectronics.X-CUBE-AI.9.1.0
2024-10-22 13:20:02,888 [WARN] PackLoader:240 - Cannot read IP mode file for STMicroelectronics.X-CUBE-GNSS1.6.0.0
2024-10-22 13:20:02,907 [WARN] PackLoader:240 - Cannot read IP mode file for STMicroelectronics.X-CUBE-AZRTOS-F4.1.1.0
2024-10-22 13:20:02,918 [WARN] PackLoader:240 - Cannot read IP mode file for STMicroelectronics.X-CUBE-ISPU.2.1.0
2024-10-22 13:20:02,928 [WARN] PackLoader:240 - Cannot read IP mode file for STMicroelectronics.X-CUBE-FREERTOS.1.2.0
2024-10-22 13:20:02,950 [WARN] PackLoader:240 - Cannot read IP mode file for STMicroelectronics.X-CUBE-AZRTOS-L5.2.0.0
2024-10-22 13:20:02,962 [WARN] PackLoader:240 - Cannot read IP mode file for STMicroelectronics.X-CUBE-NFC6.3.1.0
2024-10-22 13:20:02,973 [WARN] PackLoader:240 - Cannot read IP mode file for STMicroelectronics.X-CUBE-DPower.1.2.0
2024-10-22 13:20:02,983 [WARN] PackLoader:240 - Cannot read IP mode file for STMicroelectronics.X-CUBE-AI.9.0.0
2024-10-22 13:20:02,996 [WARN] PackLoader:240 - Cannot read IP mode file for STMicroelectronics.X-CUBE-NFC7.1.0.1
2024-10-22 13:20:03,006 [WARN] PackLoader:240 - Cannot read IP mode file for wolfSSL.I-CUBE-wolfTPM.3.2.0
2024-10-22 13:20:03,027 [WARN] ConditionMgr:438 - getConditionDescription Invalid condition id : LAN8742 Phy interface Condition cause : null
2024-10-22 13:20:03,027 [WARN] PackLoader:240 - Cannot read IP mode file for STMicroelectronics.X-CUBE-AZRTOS-L4.2.0.0
2024-10-22 13:20:03,028 [WARN] ConditionMgr:1039 - genDependencies : Invalid condition id : LAN8742 Phy interface Condition cause : null
2024-10-22 13:20:03,028 [WARN] ConditionMgr:1039 - genDependencies : Invalid condition id : LAN8742 Phy interface Condition cause : null
2024-10-22 13:20:03,028 [WARN] ConditionMgr:1039 - genDependencies : Invalid condition id : LAN8742 Phy interface Condition cause : null
2024-10-22 13:20:03,040 [WARN] PackLoader:240 - Cannot read IP mode file for STMicroelectronics.X-CUBE-SFXS2LP1.4.0.0
2024-10-22 13:20:03,061 [WARN] PackLoader:240 - Cannot read IP mode file for STMicroelectronics.X-CUBE-AZRTOS-H7.3.3.0
2024-10-22 13:20:03,077 [WARN] PackLoader:240 - Cannot read IP mode file for STMicroelectronics.X-CUBE-IPS.3.0.0
2024-10-22 13:20:03,096 [WARN] ConditionMgr:438 - getConditionDescription Invalid condition id : UX DEVICE CLASS RTOS Condition cause : null
2024-10-22 13:20:03,096 [WARN] ConditionMgr:438 - getConditionDescription Invalid condition id : UX DEVICE CLASS RTOS Condition cause : null
2024-10-22 13:20:03,097 [WARN] PackLoader:240 - Cannot read IP mode file for STMicroelectronics.X-CUBE-AZRTOS-WB.2.0.0
2024-10-22 13:20:03,098 [WARN] ConditionMgr:1039 - genDependencies : Invalid condition id : UX DEVICE CLASS RTOS Condition cause : null
2024-10-22 13:20:03,098 [WARN] ConditionMgr:1039 - genDependencies : Invalid condition id : UX DEVICE CLASS RTOS Condition cause : null
2024-10-22 13:20:03,098 [WARN] ConditionMgr:1039 - genDependencies : Invalid condition id : UX DEVICE CLASS RTOS Condition cause : null
2024-10-22 13:20:03,098 [WARN] ConditionMgr:1039 - genDependencies : Invalid condition id : UX DEVICE CLASS RTOS Condition cause : null
2024-10-22 13:20:03,098 [WARN] ConditionMgr:1039 - genDependencies : Invalid condition id : UX DEVICE CLASS RTOS Condition cause : null
2024-10-22 13:20:03,108 [WARN] PackLoader:240 - Cannot read IP mode file for STMicroelectronics.X-CUBE-GNSS1.7.0.0
2024-10-22 13:20:03,119 [WARN] PackLoader:240 - Cannot read IP mode file for STMicroelectronics.FP-SNS-STBOX1.2.0.0
2024-10-22 13:20:03,134 [WARN] PackLoader:240 - Cannot read IP mode file for STMicroelectronics.X-CUBE-SUBG2.5.0.0
2024-10-22 13:20:03,145 [WARN] PackLoader:240 - Cannot read IP mode file for Cesanta.I-CUBE-Mongoose.7.13.0
2024-10-22 13:20:03,162 [WARN] PackLoader:240 - Cannot read IP mode file for STMicroelectronics.X-CUBE-AZRTOS-G4.2.0.0
2024-10-22 13:20:03,173 [WARN] PackLoader:240 - Cannot read IP mode file for STMicroelectronics.X-CUBE-ISPU.2.0.0
2024-10-22 13:20:03,183 [WARN] PackLoader:240 - Cannot read IP mode file for STMicroelectronics.X-CUBE-ALS.1.0.2
2024-10-22 13:20:03,222 [WARN] PackLoader:240 - Cannot read IP mode file for STMicroelectronics.X-CUBE-MEMS1.10.0.0
2024-10-22 13:20:03,311 [WARN] PackLoader:240 - Cannot read IP mode file for STMicroelectronics.X-CUBE-TOUCHGFX.4.24.0
2024-10-22 13:20:03,320 [WARN] PackLoader:240 - Cannot read IP mode file for STMicroelectronics.X-CUBE-TOUCHGFX.4.24.1
2024-10-22 13:20:03,354 [WARN] PackLoader:240 - Cannot read IP mode file for portGmbH.I-Cube-SoM-uGOAL.1.1.0
2024-10-22 13:20:03,376 [WARN] PackLoader:240 - Cannot read IP mode file for STMicroelectronics.X-CUBE-AZRTOS-H7RS.1.0.0
2024-10-22 13:20:03,386 [WARN] PackLoader:240 - Cannot read IP mode file for STMicroelectronics.FP-ATR-ASTRA1.2.0.0
2024-10-22 13:20:03,401 [WARN] PackLoader:240 - Cannot read IP mode file for STMicroelectronics.X-CUBE-TOF1.3.4.2
2024-10-22 13:20:03,432 [WARN] PackLoader:240 - Cannot read IP mode file for Infineon.AIROC-Wi-Fi-Bluetooth-STM32.1.6.1
2024-10-22 13:20:03,445 [WARN] PackLoader:240 - Cannot read IP mode file for wolfSSL.I-CUBE-wolfSSH.1.4.17
2024-10-22 13:20:03,445 [INFO] ThirdParty:978 - Integrity check success = true
2024-10-22 13:20:03,445 [INFO] IntegrityCheckThread:100 - exiting critical section [integrity check]
2024-10-22 13:20:03,445 [INFO] IntegrityCheckThread:103 - End integrity checks thread
2024-10-22 13:20:06,399 [INFO] WebApp:167 - Instantiating new browser for Auth
2024-10-22 13:20:06,963 [INFO] WebApp:448 - Apply proxy settings
2024-10-22 13:20:06,964 [INFO] WebApp:533 - Chromium requires no authentication
2024-10-22 13:20:06,979 [INFO] WebApp:476 - Direct internet connection detected
2024-10-22 13:20:07,011 [INFO] WebApp:869 - Register for checkConnection events
2024-10-22 13:20:07,011 [INFO] WebApp:448 - Apply proxy settings
2024-10-22 13:20:07,011 [INFO] WebApp:533 - Chromium requires no authentication
2024-10-22 13:20:07,011 [INFO] WebApp:476 - Direct internet connection detected
2024-10-22 13:20:07,144 [INFO] WebApp:220 - Starting web application
2024-10-22 13:20:07,145 [INFO] WebApp:578 - Web application path used C:\ST\STM32CubeIDE_1.15.1\STM32CubeIDE\plugins\com.st.stm32cube.common.mx_6.12.0.202406281431\db\plugins\mcufinder\reactClient1\index.html
2024-10-22 13:20:07,250 [INFO] WebApp:186 - Connection restablished
2024-10-22 13:20:07,284 [INFO] UserAuth:417 - Internet connection configuration mode: 1
2024-10-22 13:38:35,798 [ERROR] LogOutputStream:75 - [STDERR_REDIRECT] 
