2024-10-17 16:33:45,798 [INFO] Activator:176 - 


2024-10-17 16:33:45,802 [INFO] Activator:177 - !SESSION log4j initialized
2024-10-17 16:33:48,106 [INFO] LogOutputStream:77 - [STDOUT_REDIRECT] 
2024-10-17 16:33:54,739 [INFO] ApplicationProperties:184 - Using Application install path: C:\ST\STM32CubeIDE_1.15.1\STM32CubeIDE\plugins\com.st.stm32cube.common.mx_6.12.0.202406281431
2024-10-17 16:33:54,752 [INFO] DbMcusXml:78 - Set database path to: C:\ST\STM32CubeIDE_1.15.1\STM32CubeIDE\plugins\com.st.stm32cube.common.mx_6.12.0.202406281431\\db\/mcu/
2024-10-17 16:33:54,752 [INFO] ApiDb:274 - Set plugin database path to: C:\ST\STM32CubeIDE_1.15.1\STM32CubeIDE\plugins\com.st.stm32cube.common.mx_6.12.0.202406281431\\db\/plugins/boardmanager/
2024-10-17 16:33:54,753 [WARN] ApiDb:259 - Overriding images path with different value:  => C:\ST\STM32CubeIDE_1.15.1\STM32CubeIDE\plugins\com.st.stm32cube.common.mx_6.12.0.202406281431\\db\/plugins/mcufinder/images/
2024-10-17 16:33:54,761 [INFO] ApiDb:250 - Set database path to: C:\Users\Visita\.stmcufinder\plugins\mcufinder//mcu/
2024-10-17 16:33:54,762 [INFO] DbMcusAds:125 - Set database path to: C:\Users\Visita\.stmcufinder\plugins\mcufinder//mcu/
2024-10-17 16:33:54,764 [INFO] CrossReferenceDbSqlite:203 - Set database path to: C:\Users\Visita\.stmcufinder\plugins\mcufinder//mcu/cs/
2024-10-17 16:33:54,847 [INFO] RulesReader:64 - Compatibility file has been processed (297 Rules)
2024-10-17 16:33:54,898 [INFO] DbMcusXml:78 - Set database path to: C:\ST\STM32CubeIDE_1.15.1\STM32CubeIDE\plugins\com.st.stm32cube.common.mx_6.12.0.202406281431\\db\/mcu/
2024-10-17 16:33:54,898 [INFO] ApiDb:274 - Set plugin database path to: C:\ST\STM32CubeIDE_1.15.1\STM32CubeIDE\plugins\com.st.stm32cube.common.mx_6.12.0.202406281431\\db\/plugins/boardmanager/
2024-10-17 16:33:54,898 [INFO] ApiDb:261 - Set plugin images path to: C:\ST\STM32CubeIDE_1.15.1\STM32CubeIDE\plugins\com.st.stm32cube.common.mx_6.12.0.202406281431\\db\/plugins/mcufinder/images/
2024-10-17 16:33:54,899 [WARN] DbFile:41 - Overriding database path with different value: C:\Users\Visita\.stmcufinder\plugins\mcufinder/ => C:\Users\Visita\.stmcufinder\plugins\mcufinder
2024-10-17 16:33:54,899 [INFO] ApiDb:250 - Set database path to: C:\Users\Visita\.stmcufinder\plugins\mcufinder//mcu/
2024-10-17 16:33:54,899 [WARN] DbFile:41 - Overriding database path with different value: C:\Users\Visita\.stmcufinder\plugins\mcufinder/ => C:\Users\Visita\.stmcufinder\plugins\mcufinder
2024-10-17 16:33:54,899 [INFO] DbMcusAds:125 - Set database path to: C:\Users\Visita\.stmcufinder\plugins\mcufinder//mcu/
2024-10-17 16:33:54,899 [WARN] DbFile:41 - Overriding database path with different value: C:\Users\Visita\.stmcufinder\plugins\mcufinder/ => C:\Users\Visita\.stmcufinder\plugins\mcufinder
2024-10-17 16:33:54,899 [WARN] DbFile:41 - Overriding database path with different value: C:\Users\Visita\.stmcufinder\plugins\mcufinder/ => C:\Users\Visita\.stmcufinder\plugins\mcufinder
2024-10-17 16:33:54,899 [INFO] CrossReferenceDbSqlite:203 - Set database path to: C:\Users\Visita\.stmcufinder\plugins\mcufinder//mcu/cs/
2024-10-17 16:33:54,957 [INFO] MainPanel:268 - HeapMemory: 268435456
2024-10-17 16:33:55,034 [INFO] DbMcusXml:78 - Set database path to: C:\ST\STM32CubeIDE_1.15.1\STM32CubeIDE\plugins\com.st.stm32cube.common.mx_6.12.0.202406281431\\db\/mcu/
2024-10-17 16:33:55,034 [INFO] ApiDb:274 - Set plugin database path to: C:\ST\STM32CubeIDE_1.15.1\STM32CubeIDE\plugins\com.st.stm32cube.common.mx_6.12.0.202406281431\\db\/plugins/boardmanager/
2024-10-17 16:33:55,034 [INFO] ApiDb:261 - Set plugin images path to: C:\ST\STM32CubeIDE_1.15.1\STM32CubeIDE\plugins\com.st.stm32cube.common.mx_6.12.0.202406281431\\db\/plugins/mcufinder/images/
2024-10-17 16:33:55,035 [WARN] DbFile:41 - Overriding database path with different value: C:\Users\Visita\.stmcufinder\plugins\mcufinder/ => C:\Users\Visita\.stmcufinder\plugins\mcufinder
2024-10-17 16:33:55,035 [INFO] ApiDb:250 - Set database path to: C:\Users\Visita\.stmcufinder\plugins\mcufinder//mcu/
2024-10-17 16:33:55,035 [WARN] DbFile:41 - Overriding database path with different value: C:\Users\Visita\.stmcufinder\plugins\mcufinder/ => C:\Users\Visita\.stmcufinder\plugins\mcufinder
2024-10-17 16:33:55,035 [INFO] DbMcusAds:125 - Set database path to: C:\Users\Visita\.stmcufinder\plugins\mcufinder//mcu/
2024-10-17 16:33:55,035 [WARN] DbFile:41 - Overriding database path with different value: C:\Users\Visita\.stmcufinder\plugins\mcufinder/ => C:\Users\Visita\.stmcufinder\plugins\mcufinder
2024-10-17 16:33:55,035 [WARN] DbFile:41 - Overriding database path with different value: C:\Users\Visita\.stmcufinder\plugins\mcufinder/ => C:\Users\Visita\.stmcufinder\plugins\mcufinder
2024-10-17 16:33:55,035 [INFO] CrossReferenceDbSqlite:203 - Set database path to: C:\Users\Visita\.stmcufinder\plugins\mcufinder//mcu/cs/
2024-10-17 16:33:55,047 [INFO] ApplicationProperties:184 - Using Application install path: C:\ST\STM32CubeIDE_1.15.1\STM32CubeIDE\plugins\com.st.stm32cube.common.mx_6.12.0.202406281431
2024-10-17 16:33:55,048 [INFO] PluginManage:196 - Search for loadable plugins [exclusion list=, ]
2024-10-17 16:33:55,049 [INFO] PluginManage:310 - Check plugin analytics
2024-10-17 16:33:59,714 [INFO] AnalyticsPlugin:253 - Accepted Software Licenses: 
2024-10-17 16:33:59,714 [INFO] AnalyticsPlugin:255 - Accepted CMSIS Pack Licenses: 
2024-10-17 16:33:59,715 [INFO] AnalyticsPlugin:257 - Accepted Firmware Licenses: FW.F4.1.28.0
2024-10-17 16:33:59,716 [INFO] PluginManage:359 - Loaded plugin analytics (category:tool,tabindex:-1)
2024-10-17 16:33:59,717 [INFO] PluginManage:310 - Check plugin cadmodel
2024-10-17 16:33:59,728 [INFO] CADModel:105 - Init CAD model plugin
2024-10-17 16:33:59,728 [INFO] PluginManage:359 - Loaded plugin cadmodel (category:power,tabindex:5)
2024-10-17 16:33:59,728 [INFO] PluginManage:310 - Check plugin clock
2024-10-17 16:33:59,743 [INFO] PluginManage:359 - Loaded plugin clock (category:base,tabindex:2)
2024-10-17 16:33:59,743 [INFO] PluginManage:310 - Check plugin ddr
2024-10-17 16:33:59,745 [INFO] PluginManage:359 - Loaded plugin ddr (category:tool,tabindex:6)
2024-10-17 16:33:59,745 [INFO] PluginManage:310 - Check plugin filemanager
2024-10-17 16:33:59,868 [INFO] PluginManage:359 - Loaded plugin filemanager (category:base,tabindex:10)
2024-10-17 16:33:59,868 [INFO] PluginManage:310 - Check plugin ipmanager
2024-10-17 16:33:59,873 [INFO] PluginManage:359 - Loaded plugin ipmanager (category:base,tabindex:5)
2024-10-17 16:33:59,873 [INFO] PluginManage:310 - Check plugin lpbam
2024-10-17 16:33:59,886 [INFO] PluginManage:359 - Loaded plugin lpbam (category:base,tabindex:0)
2024-10-17 16:33:59,886 [INFO] PluginManage:310 - Check plugin memorymap
2024-10-17 16:33:59,902 [INFO] PluginManage:359 - Loaded plugin memorymap (category:base,tabindex:4)
2024-10-17 16:33:59,903 [INFO] PluginManage:310 - Check plugin pinoutandconfiguration
2024-10-17 16:33:59,914 [INFO] PluginManage:359 - Loaded plugin pinoutandconfiguration (category:base,tabindex:1)
2024-10-17 16:33:59,914 [INFO] PluginManage:310 - Check plugin pinoutconfig
2024-10-17 16:33:59,981 [WARN] SupportedApi:132 - Cannot load RTOS API schema: s4s-elt-must-match.1: The content of 'definitions' must match (annotation?, (simpleType | complexType)?, (unique | key | keyref)*)). A problem was found starting at: attribute.
2024-10-17 16:34:00,076 [INFO] PluginManage:359 - Loaded plugin pinoutconfig (category:base,tabindex:0)
2024-10-17 16:34:00,076 [INFO] PluginManage:310 - Check plugin power
2024-10-17 16:34:00,089 [INFO] PluginManage:359 - Loaded plugin power (category:power,tabindex:4)
2024-10-17 16:34:00,089 [INFO] PluginManage:310 - Check plugin projectmanager
2024-10-17 16:34:00,101 [INFO] PluginManage:359 - Loaded plugin projectmanager (category:projectmanager,tabindex:4)
2024-10-17 16:34:00,101 [INFO] PluginManage:310 - Check plugin rif
2024-10-17 16:34:00,111 [INFO] PluginManage:359 - Loaded plugin rif (category:base,tabindex:3)
2024-10-17 16:34:00,111 [INFO] PluginManage:310 - Check plugin thirdparty
2024-10-17 16:34:00,299 [INFO] PluginManage:359 - Loaded plugin thirdparty (category:base,tabindex:-1)
2024-10-17 16:34:00,299 [INFO] PluginManage:310 - Check plugin tools
2024-10-17 16:34:00,299 [WARN] IntegrityCheckThread:84 - waiting for thirdparty lock release [integrity check]
2024-10-17 16:34:00,299 [INFO] IntegrityCheckThread:86 - entering critical section [integrity check]
2024-10-17 16:34:00,299 [INFO] ThirdPartyUpdaterWithRetryManager:70 - Updater plugin not ready yet. [1/15]
2024-10-17 16:34:00,325 [INFO] PluginManage:359 - Loaded plugin tools (category:base,tabindex:7)
2024-10-17 16:34:00,325 [INFO] PluginManage:310 - Check plugin tutovideos
2024-10-17 16:34:00,490 [INFO] PluginManage:359 - Loaded plugin tutovideos (category:base,tabindex:-1)
2024-10-17 16:34:00,490 [INFO] PluginManage:310 - Check plugin updater
2024-10-17 16:34:00,503 [INFO] PluginManage:359 - Loaded plugin updater (category:base,tabindex:12)
2024-10-17 16:34:00,503 [INFO] PluginManage:310 - Check plugin userauth
2024-10-17 16:34:00,509 [INFO] UserAuth:113 - Init User Auth plugin
2024-10-17 16:34:00,509 [INFO] PluginManage:359 - Loaded plugin userauth (category:base,tabindex:14)
2024-10-17 16:34:00,510 [INFO] PluginManage:283 - PluginManage : Loaded plugins [18]
2024-10-17 16:34:00,671 [INFO] PinOutPanel:1561 - setPackage(No Configuration,No Configuration)
2024-10-17 16:34:00,743 [INFO] CADModel:165 - CPN selected for project level
2024-10-17 16:34:00,743 [INFO] CADModel:114 - Register for checkConnection events
2024-10-17 16:34:00,766 [INFO] IPUIPlugin:80 - create IPUIPlugin
2024-10-17 16:34:00,766 [INFO] PluginManager:220 - loadIPPluginJar : add adc
2024-10-17 16:34:00,797 [INFO] IPUIPlugin:80 - create IPUIPlugin
2024-10-17 16:34:00,797 [INFO] PluginManager:220 - loadIPPluginJar : add aes
2024-10-17 16:34:00,833 [INFO] IPUIPlugin:80 - create IPUIPlugin
2024-10-17 16:34:00,834 [INFO] PluginManager:220 - loadIPPluginJar : add can
2024-10-17 16:34:00,852 [INFO] IPUIPlugin:80 - create IPUIPlugin
2024-10-17 16:34:00,852 [INFO] PluginManager:220 - loadIPPluginJar : add comp
2024-10-17 16:34:00,880 [INFO] IPUIPlugin:80 - create IPUIPlugin
2024-10-17 16:34:00,880 [INFO] PluginManager:220 - loadIPPluginJar : add cryp
2024-10-17 16:34:00,891 [INFO] IPUIPlugin:80 - create IPUIPlugin
2024-10-17 16:34:00,891 [INFO] PluginManager:220 - loadIPPluginJar : add ddr_ctrl_phy
2024-10-17 16:34:00,918 [INFO] IPUIPlugin:80 - create IPUIPlugin
2024-10-17 16:34:00,918 [INFO] PluginManager:220 - loadIPPluginJar : add dfsdm
2024-10-17 16:34:00,930 [INFO] IPUIPlugin:80 - create IPUIPlugin
2024-10-17 16:34:00,930 [INFO] PluginManager:220 - loadIPPluginJar : add dma
2024-10-17 16:34:00,972 [INFO] IPUIPlugin:80 - create IPUIPlugin
2024-10-17 16:34:00,972 [INFO] PluginManager:220 - loadIPPluginJar : add dma3
2024-10-17 16:34:01,012 [INFO] IPUIPlugin:80 - create IPUIPlugin
2024-10-17 16:34:01,012 [INFO] PluginManager:220 - loadIPPluginJar : add extmemmanager
2024-10-17 16:34:01,028 [INFO] IPUIPlugin:80 - create IPUIPlugin
2024-10-17 16:34:01,028 [INFO] PluginManager:220 - loadIPPluginJar : add fatfs
2024-10-17 16:34:01,065 [INFO] IPUIPlugin:80 - create IPUIPlugin
2024-10-17 16:34:01,065 [INFO] PluginManager:220 - loadIPPluginJar : add fmc
2024-10-17 16:34:01,076 [INFO] IPUIPlugin:80 - create IPUIPlugin
2024-10-17 16:34:01,076 [INFO] PluginManager:220 - loadIPPluginJar : add freertos
2024-10-17 16:34:01,092 [INFO] IPUIPlugin:80 - create IPUIPlugin
2024-10-17 16:34:01,092 [INFO] PluginManager:220 - loadIPPluginJar : add genericplugin
2024-10-17 16:34:01,167 [INFO] IPUIPlugin:80 - create IPUIPlugin
2024-10-17 16:34:01,167 [INFO] PluginManager:220 - loadIPPluginJar : add gfxmmu
2024-10-17 16:34:01,266 [INFO] IPUIPlugin:80 - create IPUIPlugin
2024-10-17 16:34:01,266 [INFO] PluginManager:220 - loadIPPluginJar : add gic
2024-10-17 16:34:01,276 [INFO] IPUIPlugin:80 - create IPUIPlugin
2024-10-17 16:34:01,276 [INFO] PluginManager:220 - loadIPPluginJar : add gpio
2024-10-17 16:34:01,352 [INFO] IPUIPlugin:80 - create IPUIPlugin
2024-10-17 16:34:01,352 [INFO] PluginManager:220 - loadIPPluginJar : add gtzc
2024-10-17 16:34:01,376 [INFO] IPUIPlugin:80 - create IPUIPlugin
2024-10-17 16:34:01,376 [INFO] PluginManager:220 - loadIPPluginJar : add hash
2024-10-17 16:34:01,414 [INFO] IPUIPlugin:80 - create IPUIPlugin
2024-10-17 16:34:01,414 [INFO] PluginManager:220 - loadIPPluginJar : add i2c
2024-10-17 16:34:01,442 [INFO] IPUIPlugin:80 - create IPUIPlugin
2024-10-17 16:34:01,442 [INFO] PluginManager:220 - loadIPPluginJar : add i2s
2024-10-17 16:34:01,473 [INFO] IPUIPlugin:80 - create IPUIPlugin
2024-10-17 16:34:01,473 [INFO] PluginManager:220 - loadIPPluginJar : add i3c
2024-10-17 16:34:01,553 [INFO] IPUIPlugin:80 - create IPUIPlugin
2024-10-17 16:34:01,553 [INFO] PluginManager:220 - loadIPPluginJar : add ipddr
2024-10-17 16:34:01,625 [INFO] IPUIPlugin:80 - create IPUIPlugin
2024-10-17 16:34:01,625 [INFO] PluginManager:220 - loadIPPluginJar : add linkedlist
2024-10-17 16:34:01,651 [INFO] IPUIPlugin:80 - create IPUIPlugin
2024-10-17 16:34:01,652 [INFO] PluginManager:220 - loadIPPluginJar : add lorawan
2024-10-17 16:34:01,677 [INFO] IPUIPlugin:80 - create IPUIPlugin
2024-10-17 16:34:01,677 [INFO] PluginManager:220 - loadIPPluginJar : add ltdc
2024-10-17 16:34:01,687 [INFO] IPUIPlugin:80 - create IPUIPlugin
2024-10-17 16:34:01,687 [INFO] PluginManager:220 - loadIPPluginJar : add mdma
2024-10-17 16:34:01,695 [INFO] IPUIPlugin:80 - create IPUIPlugin
2024-10-17 16:34:01,695 [INFO] PluginManager:220 - loadIPPluginJar : add nvic
2024-10-17 16:34:01,723 [INFO] IPUIPlugin:80 - create IPUIPlugin
2024-10-17 16:34:01,723 [INFO] PluginManager:220 - loadIPPluginJar : add opamp
2024-10-17 16:34:01,772 [INFO] IPUIPlugin:80 - create IPUIPlugin
2024-10-17 16:34:01,772 [INFO] PluginManager:220 - loadIPPluginJar : add openamp
2024-10-17 16:34:01,805 [INFO] IPUIPlugin:80 - create IPUIPlugin
2024-10-17 16:34:01,805 [INFO] PluginManager:220 - loadIPPluginJar : add pdm2pcm
2024-10-17 16:34:01,815 [INFO] IPUIPlugin:80 - create IPUIPlugin
2024-10-17 16:34:01,816 [INFO] PluginManager:220 - loadIPPluginJar : add plateformsettings
2024-10-17 16:34:01,833 [INFO] IPUIPlugin:80 - create IPUIPlugin
2024-10-17 16:34:01,833 [INFO] PluginManager:220 - loadIPPluginJar : add quadspi
2024-10-17 16:34:01,853 [INFO] IPUIPlugin:80 - create IPUIPlugin
2024-10-17 16:34:01,853 [INFO] PluginManager:220 - loadIPPluginJar : add radio
2024-10-17 16:34:01,863 [INFO] IPUIPlugin:80 - create IPUIPlugin
2024-10-17 16:34:01,863 [INFO] PluginManager:220 - loadIPPluginJar : add resmgrutility
2024-10-17 16:34:01,901 [INFO] IPUIPlugin:80 - create IPUIPlugin
2024-10-17 16:34:01,901 [INFO] PluginManager:220 - loadIPPluginJar : add sai
2024-10-17 16:34:01,928 [INFO] IPUIPlugin:80 - create IPUIPlugin
2024-10-17 16:34:01,928 [INFO] PluginManager:220 - loadIPPluginJar : add spi
2024-10-17 16:34:01,982 [INFO] IPUIPlugin:80 - create IPUIPlugin
2024-10-17 16:34:01,983 [INFO] PluginManager:220 - loadIPPluginJar : add stm32_wpan
2024-10-17 16:34:02,000 [INFO] IPUIPlugin:80 - create IPUIPlugin
2024-10-17 16:34:02,000 [INFO] PluginManager:220 - loadIPPluginJar : add tim
2024-10-17 16:34:02,046 [INFO] IPUIPlugin:80 - create IPUIPlugin
2024-10-17 16:34:02,046 [INFO] PluginManager:220 - loadIPPluginJar : add touchsensing
2024-10-17 16:34:02,064 [INFO] IPUIPlugin:80 - create IPUIPlugin
2024-10-17 16:34:02,064 [INFO] PluginManager:220 - loadIPPluginJar : add tracer_emb
2024-10-17 16:34:02,082 [INFO] IPUIPlugin:80 - create IPUIPlugin
2024-10-17 16:34:02,082 [INFO] PluginManager:220 - loadIPPluginJar : add ts
2024-10-17 16:34:02,100 [INFO] IPUIPlugin:80 - create IPUIPlugin
2024-10-17 16:34:02,100 [INFO] PluginManager:220 - loadIPPluginJar : add tsc
2024-10-17 16:34:02,116 [INFO] IPUIPlugin:80 - create IPUIPlugin
2024-10-17 16:34:02,116 [INFO] PluginManager:220 - loadIPPluginJar : add ucpd
2024-10-17 16:34:02,149 [INFO] IPUIPlugin:80 - create IPUIPlugin
2024-10-17 16:34:02,149 [INFO] PluginManager:220 - loadIPPluginJar : add usart
2024-10-17 16:34:02,180 [INFO] IPUIPlugin:80 - create IPUIPlugin
2024-10-17 16:34:02,180 [INFO] PluginManager:220 - loadIPPluginJar : add usbx
2024-10-17 16:34:02,294 [INFO] CADModel:165 - CPN selected for project level
2024-10-17 16:34:02,294 [INFO] CADModel:114 - Register for checkConnection events
2024-10-17 16:34:02,294 [FATAL] Updater:334 - Updater called before beeing initialized
2024-10-17 16:34:02,294 [ERROR] CADModel:125 - Updater not yet initialized, retry later 
2024-10-17 16:34:02,400 [INFO] CADModel:165 - CPN selected for project level
2024-10-17 16:34:02,400 [INFO] CADModel:114 - Register for checkConnection events
2024-10-17 16:34:02,400 [FATAL] Updater:334 - Updater called before beeing initialized
2024-10-17 16:34:02,400 [ERROR] CADModel:125 - Updater not yet initialized, retry later 
2024-10-17 16:34:02,403 [FATAL] Updater:334 - Updater called before beeing initialized
2024-10-17 16:34:02,486 [FATAL] Updater:334 - Updater called before beeing initialized
2024-10-17 16:34:02,494 [INFO] DbMcusAds:53 - JSON generation date=Fri Sep 20 10:04:23 BRT 2024 (1726837463113)
2024-10-17 16:34:02,494 [FATAL] Updater:334 - Updater called before beeing initialized
2024-10-17 16:34:02,526 [WARN] DetailPanel:346 - Failed to get advertising image, set to default
2024-10-17 16:34:02,595 [FATAL] Updater:334 - Updater called before beeing initialized
2024-10-17 16:34:02,597 [FATAL] Updater:334 - Updater called before beeing initialized
2024-10-17 16:34:02,597 [FATAL] Updater:334 - Updater called before beeing initialized
2024-10-17 16:34:02,597 [WARN] DetailPanel:346 - Failed to get advertising image, set to default
2024-10-17 16:34:02,597 [FATAL] Updater:334 - Updater called before beeing initialized
2024-10-17 16:34:02,674 [ERROR] Updater:1164 - MainUpdater not yet initialized. External WinMGr cannot be set.
2024-10-17 16:34:02,683 [INFO] Updater:1100 - Updater Version found : 6.12.0
2024-10-17 16:34:02,697 [INFO] ApplicationProperties:184 - Using Application install path: C:\ST\STM32CubeIDE_1.15.1\STM32CubeIDE\plugins\com.st.stm32cube.common.mx_6.12.0.202406281431
2024-10-17 16:34:03,158 [INFO] MainUpdater:2873 - connection check result : 10
2024-10-17 16:34:03,158 [INFO] MainUpdater:3567 - Updater definition file requires update
2024-10-17 16:34:03,159 [INFO] MainUpdater:290 - Updater Check For Update Now.
2024-10-17 16:34:03,159 [INFO] MicroXplorer:498 - Change Database Version : DB.6.0.120
2024-10-17 16:34:03,171 [INFO] McuFinderGlobals:63 - Set McuFinder mode to 2 (CubeIDE integrated)
2024-10-17 16:34:03,175 [INFO] UserAuth:417 - Internet connection configuration mode: 1
2024-10-17 16:34:03,196 [INFO] JxBrowserEngine:152 - Initiate JxBrowser Engine with user profile folder
2024-10-17 16:34:03,300 [WARN] MainUpdater:1194 - Updater busy. Cannot search thirdparties
2024-10-17 16:34:03,300 [INFO] ThirdPartyUpdaterWithRetryManager:96 - Updater plugin is busy. [1/15]
2024-10-17 16:34:03,340 [INFO] ServerAccessManage:473 - Download File updaters.zip
2024-10-17 16:34:03,395 [INFO] FileExtend:240 - Unzip File : updaters.zip
2024-10-17 16:34:03,395 [INFO] FileExtend:255 - Standard Zip Deflate
2024-10-17 16:34:03,619 [INFO] ServerAccessManage:473 - Download File PacksControlFlags.xml
2024-10-17 16:34:03,702 [INFO] ServerAccessManage:473 - Download File cubemx.pidx
2024-10-17 16:34:03,797 [INFO] LoadServerUpdatesThread:375 - End of LoadServerUpdate Thread
2024-10-17 16:34:04,082 [INFO] CheckServerUpdateThread:120 - End of CheckServer Thread
2024-10-17 16:34:06,436 [WARN] PackLoader:240 - Cannot read IP mode file for STMicroelectronics.FP-SNS-MOTENVWB1.1.4.0
2024-10-17 16:34:06,448 [WARN] PackLoader:240 - Cannot read IP mode file for STMicroelectronics.X-CUBE-SMBUS.2.1.0
2024-10-17 16:34:06,460 [WARN] PackLoader:240 - Cannot read IP mode file for STMicroelectronics.X-CUBE-WB05N.1.1.0
2024-10-17 16:34:06,492 [WARN] PackLoader:240 - Cannot read IP mode file for STMicroelectronics.X-CUBE-AZRTOS-F7.1.1.0
2024-10-17 16:34:06,557 [WARN] PackLoader:240 - Cannot read IP mode file for STMicroelectronics.X-CUBE-MEMS1.11.0.0
2024-10-17 16:34:06,670 [WARN] PackLoader:240 - Cannot read IP mode file for STMicroelectronics.FP-SNS-FLIGHT1.5.0.2
2024-10-17 16:34:06,683 [WARN] PackLoader:240 - Cannot read IP mode file for STMicroelectronics.X-CUBE-DISPLAY.3.0.0
2024-10-17 16:34:06,697 [WARN] PackLoader:240 - Cannot read IP mode file for STMicroelectronics.X-CUBE-BLE1.7.0.0
2024-10-17 16:34:06,709 [WARN] PackLoader:240 - Cannot read IP mode file for STMicroelectronics.X-CUBE-NFC10.1.0.0
2024-10-17 16:34:06,721 [WARN] PackLoader:240 - Cannot read IP mode file for emotas.I-CUBE-CANOPEN.1.3.0
2024-10-17 16:34:06,735 [WARN] PackLoader:240 - Cannot read IP mode file for STMicroelectronics.X-CUBE-BLEMGR.3.1.0
2024-10-17 16:34:06,747 [WARN] PackLoader:240 - Cannot read IP mode file for STMicroelectronics.FP-SNS-SMARTAG2.1.2.0
2024-10-17 16:34:06,763 [INFO] LogOutputStream:77 - [STDOUT_REDIRECT] 1 : Invalid condition id : UX_CORESTACK_Condition cause : null
2024-10-17 16:34:06,764 [INFO] LogOutputStream:77 - [STDOUT_REDIRECT] 1 : Invalid condition id : UX_CORESTACK_Condition cause : null
2024-10-17 16:34:06,765 [INFO] LogOutputStream:77 - [STDOUT_REDIRECT] 1 : Invalid condition id : UX_CORESTACK_Condition cause : null
2024-10-17 16:34:06,765 [INFO] LogOutputStream:77 - [STDOUT_REDIRECT] 1 : Invalid condition id : UX_CORESTACK_Condition cause : null
2024-10-17 16:34:06,766 [INFO] LogOutputStream:77 - [STDOUT_REDIRECT] 1 : Invalid condition id : UX_CORESTACK_Condition cause : null
2024-10-17 16:34:06,769 [WARN] PackLoader:240 - Cannot read IP mode file for STMicroelectronics.X-CUBE-AZRTOS-WL.2.0.0
2024-10-17 16:34:06,779 [WARN] PackLoader:240 - Cannot read IP mode file for STMicroelectronics.FP-SNS-MOTENV1.5.0.0
2024-10-17 16:34:06,789 [WARN] PackLoader:240 - Cannot read IP mode file for wolfSSL.I-CUBE-wolfMQTT.1.19.0
2024-10-17 16:34:06,801 [WARN] PackLoader:240 - Cannot read IP mode file for WES.I-CUBE-Cesium.1.3.0
2024-10-17 16:34:06,812 [WARN] PackLoader:240 - Cannot read IP mode file for STMicroelectronics.X-CUBE-BLE2.3.3.0
2024-10-17 16:34:06,824 [WARN] PackLoader:240 - Cannot read IP mode file for STMicroelectronics.X-CUBE-NFC9.1.0.0
2024-10-17 16:34:06,835 [WARN] PackLoader:240 - Cannot read IP mode file for STMicroelectronics.X-CUBE-TCPP.4.1.0
2024-10-17 16:34:06,856 [WARN] PackLoader:240 - Cannot read IP mode file for STMicroelectronics.X-CUBE-AZRTOS-G0.1.1.0
2024-10-17 16:34:06,870 [WARN] PackLoader:240 - Cannot read IP mode file for STMicroelectronics.X-CUBE-SAFEA1.1.2.2
2024-10-17 16:34:06,881 [WARN] PackLoader:240 - Cannot read IP mode file for STMicroelectronics.X-CUBE-NFC4.3.0.0
2024-10-17 16:34:06,894 [WARN] PackLoader:240 - Cannot read IP mode file for EmbeddedOffice.I-CUBE-FS-RTOS.1.0.1
2024-10-17 16:34:06,894 [ERROR] ConditionMgr:805 - Attr not supported : Dmpu
2024-10-17 16:34:06,894 [ERROR] ConditionMgr:805 - Attr not supported : Dmpu
2024-10-17 16:34:06,894 [ERROR] ConditionMgr:805 - Attr not supported : Dmpu
2024-10-17 16:34:06,894 [ERROR] ConditionMgr:805 - Attr not supported : Dmpu
2024-10-17 16:34:06,895 [ERROR] ConditionMgr:805 - Attr not supported : Dmpu
2024-10-17 16:34:06,895 [ERROR] ConditionMgr:805 - Attr not supported : Dmpu
2024-10-17 16:34:06,895 [ERROR] ConditionMgr:805 - Attr not supported : Dmpu
2024-10-17 16:34:06,895 [ERROR] ConditionMgr:805 - Attr not supported : Dmpu
2024-10-17 16:34:06,895 [ERROR] ConditionMgr:805 - Attr not supported : Dmpu
2024-10-17 16:34:06,895 [ERROR] ConditionMgr:805 - Attr not supported : Dmpu
2024-10-17 16:34:06,895 [ERROR] ConditionMgr:805 - Attr not supported : Dmpu
2024-10-17 16:34:06,895 [ERROR] ConditionMgr:805 - Attr not supported : Dmpu
2024-10-17 16:34:06,895 [ERROR] ConditionMgr:805 - Attr not supported : Dmpu
2024-10-17 16:34:06,895 [ERROR] ConditionMgr:805 - Attr not supported : Dmpu
2024-10-17 16:34:06,895 [ERROR] ConditionMgr:805 - Attr not supported : Dmpu
2024-10-17 16:34:06,895 [ERROR] ConditionMgr:805 - Attr not supported : Dmpu
2024-10-17 16:34:06,895 [ERROR] ConditionMgr:805 - Attr not supported : Dmpu
2024-10-17 16:34:06,895 [ERROR] ConditionMgr:805 - Attr not supported : Dmpu
2024-10-17 16:34:06,895 [ERROR] ConditionMgr:805 - Attr not supported : Dmpu
2024-10-17 16:34:06,895 [ERROR] ConditionMgr:805 - Attr not supported : Dmpu
2024-10-17 16:34:06,895 [ERROR] ConditionMgr:805 - Attr not supported : Dmpu
2024-10-17 16:34:06,895 [ERROR] ConditionMgr:805 - Attr not supported : Dmpu
2024-10-17 16:34:06,895 [ERROR] ConditionMgr:805 - Attr not supported : Dmpu
2024-10-17 16:34:06,896 [ERROR] ConditionMgr:805 - Attr not supported : Dmpu
2024-10-17 16:34:06,896 [ERROR] ConditionMgr:805 - Attr not supported : Dmpu
2024-10-17 16:34:06,896 [ERROR] ConditionMgr:805 - Attr not supported : Dmpu
2024-10-17 16:34:06,896 [ERROR] ConditionMgr:805 - Attr not supported : Dmpu
2024-10-17 16:34:06,896 [ERROR] ConditionMgr:805 - Attr not supported : Dmpu
2024-10-17 16:34:06,896 [ERROR] ConditionMgr:805 - Attr not supported : Dmpu
2024-10-17 16:34:06,896 [ERROR] ConditionMgr:805 - Attr not supported : Dmpu
2024-10-17 16:34:06,896 [ERROR] ConditionMgr:805 - Attr not supported : Dmpu
2024-10-17 16:34:06,896 [ERROR] ConditionMgr:805 - Attr not supported : Dmpu
2024-10-17 16:34:06,896 [ERROR] ConditionMgr:805 - Attr not supported : Dmpu
2024-10-17 16:34:06,896 [ERROR] ConditionMgr:805 - Attr not supported : Dmpu
2024-10-17 16:34:06,896 [ERROR] ConditionMgr:805 - Attr not supported : Dmpu
2024-10-17 16:34:06,896 [ERROR] ConditionMgr:805 - Attr not supported : Dmpu
2024-10-17 16:34:06,896 [ERROR] ConditionMgr:805 - Attr not supported : Dmpu
2024-10-17 16:34:06,896 [ERROR] ConditionMgr:805 - Attr not supported : Dmpu
2024-10-17 16:34:06,896 [ERROR] ConditionMgr:805 - Attr not supported : Dmpu
2024-10-17 16:34:06,896 [ERROR] ConditionMgr:805 - Attr not supported : Dmpu
2024-10-17 16:34:06,896 [ERROR] ConditionMgr:805 - Attr not supported : Dmpu
2024-10-17 16:34:06,897 [ERROR] ConditionMgr:805 - Attr not supported : Dmpu
2024-10-17 16:34:06,897 [ERROR] ConditionMgr:805 - Attr not supported : Dmpu
2024-10-17 16:34:06,897 [ERROR] ConditionMgr:805 - Attr not supported : Dmpu
2024-10-17 16:34:06,897 [ERROR] ConditionMgr:805 - Attr not supported : Dmpu
2024-10-17 16:34:06,897 [ERROR] ConditionMgr:805 - Attr not supported : Dmpu
2024-10-17 16:34:06,897 [ERROR] ConditionMgr:805 - Attr not supported : Dmpu
2024-10-17 16:34:06,897 [ERROR] ConditionMgr:805 - Attr not supported : Dmpu
2024-10-17 16:34:06,897 [ERROR] ConditionMgr:805 - Attr not supported : Dmpu
2024-10-17 16:34:06,897 [ERROR] ConditionMgr:805 - Attr not supported : Dmpu
2024-10-17 16:34:06,897 [ERROR] ConditionMgr:805 - Attr not supported : Dmpu
2024-10-17 16:34:06,897 [ERROR] ConditionMgr:805 - Attr not supported : Dmpu
2024-10-17 16:34:06,897 [ERROR] ConditionMgr:805 - Attr not supported : Dmpu
2024-10-17 16:34:06,897 [ERROR] ConditionMgr:805 - Attr not supported : Dmpu
2024-10-17 16:34:06,897 [ERROR] ConditionMgr:805 - Attr not supported : Dmpu
2024-10-17 16:34:06,897 [ERROR] ConditionMgr:805 - Attr not supported : Dmpu
2024-10-17 16:34:06,897 [ERROR] ConditionMgr:805 - Attr not supported : Dmpu
2024-10-17 16:34:06,897 [ERROR] ConditionMgr:805 - Attr not supported : Dmpu
2024-10-17 16:34:06,897 [ERROR] ConditionMgr:805 - Attr not supported : Dmpu
2024-10-17 16:34:06,897 [ERROR] ConditionMgr:805 - Attr not supported : Dmpu
2024-10-17 16:34:06,897 [ERROR] ConditionMgr:805 - Attr not supported : Dmpu
2024-10-17 16:34:06,898 [ERROR] ConditionMgr:805 - Attr not supported : Dmpu
2024-10-17 16:34:06,898 [ERROR] ConditionMgr:805 - Attr not supported : Dmpu
2024-10-17 16:34:06,898 [ERROR] ConditionMgr:805 - Attr not supported : Dmpu
2024-10-17 16:34:06,908 [WARN] PackLoader:240 - Cannot read IP mode file for RealThread.X-CUBE-RT-Thread_Nano.4.1.1
2024-10-17 16:34:06,917 [WARN] PackLoader:240 - Cannot read IP mode file for STMicroelectronics.FP-ATR-SIGFOX1.3.2.0
2024-10-17 16:34:06,925 [WARN] PackLoader:240 - Cannot read IP mode file for wolfSSL.I-CUBE-wolfSSL.5.7.2
2024-10-17 16:34:06,935 [WARN] PackLoader:240 - Cannot read IP mode file for STMicroelectronics.X-CUBE-EEPRMA1.5.1.0
2024-10-17 16:34:06,948 [WARN] PackLoader:240 - Cannot read IP mode file for ITTIA_DB.I-CUBE-ITTIADB.8.9.0
2024-10-17 16:34:06,976 [WARN] PackLoader:240 - Cannot read IP mode file for SEGGER.I-CUBE-embOS.1.3.1
2024-10-17 16:34:07,006 [WARN] PackLoader:240 - Cannot read IP mode file for STMicroelectronics.X-CUBE-ALGOBUILD.1.4.0
2024-10-17 16:34:07,016 [WARN] PackLoader:240 - Cannot read IP mode file for STMicroelectronics.X-CUBE-AI.9.1.0
2024-10-17 16:34:07,027 [WARN] PackLoader:240 - Cannot read IP mode file for STMicroelectronics.X-CUBE-GNSS1.6.0.0
2024-10-17 16:34:07,047 [WARN] PackLoader:240 - Cannot read IP mode file for STMicroelectronics.X-CUBE-AZRTOS-F4.1.1.0
2024-10-17 16:34:07,059 [WARN] PackLoader:240 - Cannot read IP mode file for STMicroelectronics.X-CUBE-ISPU.2.1.0
2024-10-17 16:34:07,069 [WARN] PackLoader:240 - Cannot read IP mode file for STMicroelectronics.X-CUBE-FREERTOS.1.2.0
2024-10-17 16:34:07,095 [WARN] PackLoader:240 - Cannot read IP mode file for STMicroelectronics.X-CUBE-AZRTOS-L5.2.0.0
2024-10-17 16:34:07,108 [WARN] PackLoader:240 - Cannot read IP mode file for STMicroelectronics.X-CUBE-NFC6.3.1.0
2024-10-17 16:34:07,118 [WARN] PackLoader:240 - Cannot read IP mode file for STMicroelectronics.X-CUBE-DPower.1.2.0
2024-10-17 16:34:07,128 [WARN] PackLoader:240 - Cannot read IP mode file for STMicroelectronics.X-CUBE-AI.9.0.0
2024-10-17 16:34:07,138 [WARN] PackLoader:240 - Cannot read IP mode file for STMicroelectronics.X-CUBE-NFC7.1.0.1
2024-10-17 16:34:07,148 [WARN] PackLoader:240 - Cannot read IP mode file for wolfSSL.I-CUBE-wolfTPM.3.2.0
2024-10-17 16:34:07,167 [WARN] ConditionMgr:438 - getConditionDescription Invalid condition id : LAN8742 Phy interface Condition cause : null
2024-10-17 16:34:07,168 [WARN] PackLoader:240 - Cannot read IP mode file for STMicroelectronics.X-CUBE-AZRTOS-L4.2.0.0
2024-10-17 16:34:07,169 [WARN] ConditionMgr:1039 - genDependencies : Invalid condition id : LAN8742 Phy interface Condition cause : null
2024-10-17 16:34:07,169 [WARN] ConditionMgr:1039 - genDependencies : Invalid condition id : LAN8742 Phy interface Condition cause : null
2024-10-17 16:34:07,169 [WARN] ConditionMgr:1039 - genDependencies : Invalid condition id : LAN8742 Phy interface Condition cause : null
2024-10-17 16:34:07,181 [WARN] PackLoader:240 - Cannot read IP mode file for STMicroelectronics.X-CUBE-SFXS2LP1.4.0.0
2024-10-17 16:34:07,204 [WARN] PackLoader:240 - Cannot read IP mode file for STMicroelectronics.X-CUBE-AZRTOS-H7.3.3.0
2024-10-17 16:34:07,220 [WARN] PackLoader:240 - Cannot read IP mode file for STMicroelectronics.X-CUBE-IPS.3.0.0
2024-10-17 16:34:07,240 [WARN] ConditionMgr:438 - getConditionDescription Invalid condition id : UX DEVICE CLASS RTOS Condition cause : null
2024-10-17 16:34:07,241 [WARN] ConditionMgr:438 - getConditionDescription Invalid condition id : UX DEVICE CLASS RTOS Condition cause : null
2024-10-17 16:34:07,242 [WARN] PackLoader:240 - Cannot read IP mode file for STMicroelectronics.X-CUBE-AZRTOS-WB.2.0.0
2024-10-17 16:34:07,242 [WARN] ConditionMgr:1039 - genDependencies : Invalid condition id : UX DEVICE CLASS RTOS Condition cause : null
2024-10-17 16:34:07,242 [WARN] ConditionMgr:1039 - genDependencies : Invalid condition id : UX DEVICE CLASS RTOS Condition cause : null
2024-10-17 16:34:07,243 [WARN] ConditionMgr:1039 - genDependencies : Invalid condition id : UX DEVICE CLASS RTOS Condition cause : null
2024-10-17 16:34:07,243 [WARN] ConditionMgr:1039 - genDependencies : Invalid condition id : UX DEVICE CLASS RTOS Condition cause : null
2024-10-17 16:34:07,243 [WARN] ConditionMgr:1039 - genDependencies : Invalid condition id : UX DEVICE CLASS RTOS Condition cause : null
2024-10-17 16:34:07,254 [WARN] PackLoader:240 - Cannot read IP mode file for STMicroelectronics.X-CUBE-GNSS1.7.0.0
2024-10-17 16:34:07,264 [WARN] PackLoader:240 - Cannot read IP mode file for STMicroelectronics.FP-SNS-STBOX1.2.0.0
2024-10-17 16:34:07,279 [WARN] PackLoader:240 - Cannot read IP mode file for STMicroelectronics.X-CUBE-SUBG2.5.0.0
2024-10-17 16:34:07,290 [WARN] PackLoader:240 - Cannot read IP mode file for Cesanta.I-CUBE-Mongoose.7.13.0
2024-10-17 16:34:07,307 [WARN] PackLoader:240 - Cannot read IP mode file for STMicroelectronics.X-CUBE-AZRTOS-G4.2.0.0
2024-10-17 16:34:07,317 [WARN] PackLoader:240 - Cannot read IP mode file for STMicroelectronics.X-CUBE-ISPU.2.0.0
2024-10-17 16:34:07,325 [WARN] PackLoader:240 - Cannot read IP mode file for STMicroelectronics.X-CUBE-ALS.1.0.2
2024-10-17 16:34:07,363 [WARN] PackLoader:240 - Cannot read IP mode file for STMicroelectronics.X-CUBE-MEMS1.10.0.0
2024-10-17 16:34:07,428 [WARN] PackLoader:240 - Cannot read IP mode file for STMicroelectronics.X-CUBE-TOUCHGFX.4.24.0
2024-10-17 16:34:07,436 [WARN] PackLoader:240 - Cannot read IP mode file for STMicroelectronics.X-CUBE-TOUCHGFX.4.24.1
2024-10-17 16:34:07,446 [WARN] PackLoader:240 - Cannot read IP mode file for portGmbH.I-Cube-SoM-uGOAL.1.1.0
2024-10-17 16:34:07,466 [WARN] PackLoader:240 - Cannot read IP mode file for STMicroelectronics.X-CUBE-AZRTOS-H7RS.1.0.0
2024-10-17 16:34:07,475 [WARN] PackLoader:240 - Cannot read IP mode file for STMicroelectronics.FP-ATR-ASTRA1.2.0.0
2024-10-17 16:34:07,489 [WARN] PackLoader:240 - Cannot read IP mode file for STMicroelectronics.X-CUBE-TOF1.3.4.2
2024-10-17 16:34:07,515 [WARN] PackLoader:240 - Cannot read IP mode file for Infineon.AIROC-Wi-Fi-Bluetooth-STM32.1.6.1
2024-10-17 16:34:07,525 [WARN] PackLoader:240 - Cannot read IP mode file for wolfSSL.I-CUBE-wolfSSH.1.4.17
2024-10-17 16:34:07,525 [INFO] ThirdParty:978 - Integrity check success = true
2024-10-17 16:34:07,525 [INFO] IntegrityCheckThread:100 - exiting critical section [integrity check]
2024-10-17 16:34:07,525 [INFO] IntegrityCheckThread:103 - End integrity checks thread
2024-10-17 16:34:08,051 [INFO] WebApp:167 - Instantiating new browser for Auth
2024-10-17 16:34:08,695 [INFO] WebApp:448 - Apply proxy settings
2024-10-17 16:34:08,696 [INFO] WebApp:533 - Chromium requires no authentication
2024-10-17 16:34:08,706 [INFO] WebApp:476 - Direct internet connection detected
2024-10-17 16:34:08,735 [INFO] WebApp:869 - Register for checkConnection events
2024-10-17 16:34:08,735 [INFO] WebApp:448 - Apply proxy settings
2024-10-17 16:34:08,735 [INFO] WebApp:533 - Chromium requires no authentication
2024-10-17 16:34:08,735 [INFO] WebApp:476 - Direct internet connection detected
2024-10-17 16:34:08,877 [INFO] WebApp:220 - Starting web application
2024-10-17 16:34:08,877 [INFO] WebApp:578 - Web application path used C:\ST\STM32CubeIDE_1.15.1\STM32CubeIDE\plugins\com.st.stm32cube.common.mx_6.12.0.202406281431\db\plugins\mcufinder\reactClient1\index.html
2024-10-17 16:34:09,002 [INFO] WebApp:186 - Connection restablished
2024-10-17 16:34:09,044 [INFO] UserAuth:417 - Internet connection configuration mode: 1
2024-10-17 16:39:07,950 [ERROR] LogOutputStream:75 - [STDERR_REDIRECT] 
2024-10-17 16:40:02,841 [INFO] Activator:176 - 


2024-10-17 16:40:02,842 [INFO] Activator:177 - !SESSION log4j initialized
2024-10-17 16:40:06,273 [INFO] LogOutputStream:77 - [STDOUT_REDIRECT] 
2024-10-17 16:40:11,586 [INFO] ApplicationProperties:184 - Using Application install path: C:\ST\STM32CubeIDE_1.15.1\STM32CubeIDE\plugins\com.st.stm32cube.common.mx_6.12.0.202406281431
2024-10-17 16:40:11,600 [INFO] DbMcusXml:78 - Set database path to: C:\ST\STM32CubeIDE_1.15.1\STM32CubeIDE\plugins\com.st.stm32cube.common.mx_6.12.0.202406281431\\db\/mcu/
2024-10-17 16:40:11,600 [INFO] ApiDb:274 - Set plugin database path to: C:\ST\STM32CubeIDE_1.15.1\STM32CubeIDE\plugins\com.st.stm32cube.common.mx_6.12.0.202406281431\\db\/plugins/boardmanager/
2024-10-17 16:40:11,600 [WARN] ApiDb:259 - Overriding images path with different value:  => C:\ST\STM32CubeIDE_1.15.1\STM32CubeIDE\plugins\com.st.stm32cube.common.mx_6.12.0.202406281431\\db\/plugins/mcufinder/images/
2024-10-17 16:40:11,605 [INFO] ApiDb:250 - Set database path to: C:\Users\Visita\.stmcufinder\plugins\mcufinder//mcu/
2024-10-17 16:40:11,606 [INFO] DbMcusAds:125 - Set database path to: C:\Users\Visita\.stmcufinder\plugins\mcufinder//mcu/
2024-10-17 16:40:11,607 [INFO] CrossReferenceDbSqlite:203 - Set database path to: C:\Users\Visita\.stmcufinder\plugins\mcufinder//mcu/cs/
2024-10-17 16:40:11,675 [INFO] RulesReader:64 - Compatibility file has been processed (297 Rules)
2024-10-17 16:40:11,717 [INFO] DbMcusXml:78 - Set database path to: C:\ST\STM32CubeIDE_1.15.1\STM32CubeIDE\plugins\com.st.stm32cube.common.mx_6.12.0.202406281431\\db\/mcu/
2024-10-17 16:40:11,717 [INFO] ApiDb:274 - Set plugin database path to: C:\ST\STM32CubeIDE_1.15.1\STM32CubeIDE\plugins\com.st.stm32cube.common.mx_6.12.0.202406281431\\db\/plugins/boardmanager/
2024-10-17 16:40:11,718 [INFO] ApiDb:261 - Set plugin images path to: C:\ST\STM32CubeIDE_1.15.1\STM32CubeIDE\plugins\com.st.stm32cube.common.mx_6.12.0.202406281431\\db\/plugins/mcufinder/images/
2024-10-17 16:40:11,718 [WARN] DbFile:41 - Overriding database path with different value: C:\Users\Visita\.stmcufinder\plugins\mcufinder/ => C:\Users\Visita\.stmcufinder\plugins\mcufinder
2024-10-17 16:40:11,718 [INFO] ApiDb:250 - Set database path to: C:\Users\Visita\.stmcufinder\plugins\mcufinder//mcu/
2024-10-17 16:40:11,718 [WARN] DbFile:41 - Overriding database path with different value: C:\Users\Visita\.stmcufinder\plugins\mcufinder/ => C:\Users\Visita\.stmcufinder\plugins\mcufinder
2024-10-17 16:40:11,718 [INFO] DbMcusAds:125 - Set database path to: C:\Users\Visita\.stmcufinder\plugins\mcufinder//mcu/
2024-10-17 16:40:11,718 [WARN] DbFile:41 - Overriding database path with different value: C:\Users\Visita\.stmcufinder\plugins\mcufinder/ => C:\Users\Visita\.stmcufinder\plugins\mcufinder
2024-10-17 16:40:11,718 [WARN] DbFile:41 - Overriding database path with different value: C:\Users\Visita\.stmcufinder\plugins\mcufinder/ => C:\Users\Visita\.stmcufinder\plugins\mcufinder
2024-10-17 16:40:11,718 [INFO] CrossReferenceDbSqlite:203 - Set database path to: C:\Users\Visita\.stmcufinder\plugins\mcufinder//mcu/cs/
2024-10-17 16:40:11,763 [INFO] MainPanel:268 - HeapMemory: 268435456
2024-10-17 16:40:11,815 [INFO] DbMcusXml:78 - Set database path to: C:\ST\STM32CubeIDE_1.15.1\STM32CubeIDE\plugins\com.st.stm32cube.common.mx_6.12.0.202406281431\\db\/mcu/
2024-10-17 16:40:11,815 [INFO] ApiDb:274 - Set plugin database path to: C:\ST\STM32CubeIDE_1.15.1\STM32CubeIDE\plugins\com.st.stm32cube.common.mx_6.12.0.202406281431\\db\/plugins/boardmanager/
2024-10-17 16:40:11,815 [INFO] ApiDb:261 - Set plugin images path to: C:\ST\STM32CubeIDE_1.15.1\STM32CubeIDE\plugins\com.st.stm32cube.common.mx_6.12.0.202406281431\\db\/plugins/mcufinder/images/
2024-10-17 16:40:11,815 [WARN] DbFile:41 - Overriding database path with different value: C:\Users\Visita\.stmcufinder\plugins\mcufinder/ => C:\Users\Visita\.stmcufinder\plugins\mcufinder
2024-10-17 16:40:11,815 [INFO] ApiDb:250 - Set database path to: C:\Users\Visita\.stmcufinder\plugins\mcufinder//mcu/
2024-10-17 16:40:11,816 [WARN] DbFile:41 - Overriding database path with different value: C:\Users\Visita\.stmcufinder\plugins\mcufinder/ => C:\Users\Visita\.stmcufinder\plugins\mcufinder
2024-10-17 16:40:11,816 [INFO] DbMcusAds:125 - Set database path to: C:\Users\Visita\.stmcufinder\plugins\mcufinder//mcu/
2024-10-17 16:40:11,816 [WARN] DbFile:41 - Overriding database path with different value: C:\Users\Visita\.stmcufinder\plugins\mcufinder/ => C:\Users\Visita\.stmcufinder\plugins\mcufinder
2024-10-17 16:40:11,816 [WARN] DbFile:41 - Overriding database path with different value: C:\Users\Visita\.stmcufinder\plugins\mcufinder/ => C:\Users\Visita\.stmcufinder\plugins\mcufinder
2024-10-17 16:40:11,816 [INFO] CrossReferenceDbSqlite:203 - Set database path to: C:\Users\Visita\.stmcufinder\plugins\mcufinder//mcu/cs/
2024-10-17 16:40:11,827 [INFO] ApplicationProperties:184 - Using Application install path: C:\ST\STM32CubeIDE_1.15.1\STM32CubeIDE\plugins\com.st.stm32cube.common.mx_6.12.0.202406281431
2024-10-17 16:40:11,828 [INFO] PluginManage:196 - Search for loadable plugins [exclusion list=, ]
2024-10-17 16:40:11,828 [INFO] PluginManage:310 - Check plugin analytics
2024-10-17 16:40:16,580 [INFO] AnalyticsPlugin:253 - Accepted Software Licenses: 
2024-10-17 16:40:16,580 [INFO] AnalyticsPlugin:255 - Accepted CMSIS Pack Licenses: 
2024-10-17 16:40:16,580 [INFO] AnalyticsPlugin:257 - Accepted Firmware Licenses: FW.F4.1.28.0
2024-10-17 16:40:16,584 [INFO] PluginManage:359 - Loaded plugin analytics (category:tool,tabindex:-1)
2024-10-17 16:40:16,584 [INFO] PluginManage:310 - Check plugin cadmodel
2024-10-17 16:40:16,587 [INFO] CADModel:105 - Init CAD model plugin
2024-10-17 16:40:16,587 [INFO] PluginManage:359 - Loaded plugin cadmodel (category:power,tabindex:5)
2024-10-17 16:40:16,587 [INFO] PluginManage:310 - Check plugin clock
2024-10-17 16:40:16,592 [INFO] PluginManage:359 - Loaded plugin clock (category:base,tabindex:2)
2024-10-17 16:40:16,592 [INFO] PluginManage:310 - Check plugin ddr
2024-10-17 16:40:16,593 [INFO] PluginManage:359 - Loaded plugin ddr (category:tool,tabindex:6)
2024-10-17 16:40:16,593 [INFO] PluginManage:310 - Check plugin filemanager
2024-10-17 16:40:16,694 [INFO] PluginManage:359 - Loaded plugin filemanager (category:base,tabindex:10)
2024-10-17 16:40:16,694 [INFO] PluginManage:310 - Check plugin ipmanager
2024-10-17 16:40:16,698 [INFO] PluginManage:359 - Loaded plugin ipmanager (category:base,tabindex:5)
2024-10-17 16:40:16,699 [INFO] PluginManage:310 - Check plugin lpbam
2024-10-17 16:40:16,713 [INFO] PluginManage:359 - Loaded plugin lpbam (category:base,tabindex:0)
2024-10-17 16:40:16,713 [INFO] PluginManage:310 - Check plugin memorymap
2024-10-17 16:40:16,721 [INFO] PluginManage:359 - Loaded plugin memorymap (category:base,tabindex:4)
2024-10-17 16:40:16,722 [INFO] PluginManage:310 - Check plugin pinoutandconfiguration
2024-10-17 16:40:16,727 [INFO] PluginManage:359 - Loaded plugin pinoutandconfiguration (category:base,tabindex:1)
2024-10-17 16:40:16,727 [INFO] PluginManage:310 - Check plugin pinoutconfig
2024-10-17 16:40:16,788 [WARN] SupportedApi:132 - Cannot load RTOS API schema: s4s-elt-must-match.1: The content of 'definitions' must match (annotation?, (simpleType | complexType)?, (unique | key | keyref)*)). A problem was found starting at: attribute.
2024-10-17 16:40:16,865 [INFO] PluginManage:359 - Loaded plugin pinoutconfig (category:base,tabindex:0)
2024-10-17 16:40:16,865 [INFO] PluginManage:310 - Check plugin power
2024-10-17 16:40:16,871 [INFO] PluginManage:359 - Loaded plugin power (category:power,tabindex:4)
2024-10-17 16:40:16,871 [INFO] PluginManage:310 - Check plugin projectmanager
2024-10-17 16:40:16,883 [INFO] PluginManage:359 - Loaded plugin projectmanager (category:projectmanager,tabindex:4)
2024-10-17 16:40:16,884 [INFO] PluginManage:310 - Check plugin rif
2024-10-17 16:40:16,886 [INFO] PluginManage:359 - Loaded plugin rif (category:base,tabindex:3)
2024-10-17 16:40:16,886 [INFO] PluginManage:310 - Check plugin thirdparty
2024-10-17 16:40:16,957 [INFO] PluginManage:359 - Loaded plugin thirdparty (category:base,tabindex:-1)
2024-10-17 16:40:16,957 [INFO] PluginManage:310 - Check plugin tools
2024-10-17 16:40:16,957 [WARN] IntegrityCheckThread:84 - waiting for thirdparty lock release [integrity check]
2024-10-17 16:40:16,957 [INFO] IntegrityCheckThread:86 - entering critical section [integrity check]
2024-10-17 16:40:16,958 [INFO] ThirdPartyUpdaterWithRetryManager:70 - Updater plugin not ready yet. [1/15]
2024-10-17 16:40:16,959 [INFO] PluginManage:359 - Loaded plugin tools (category:base,tabindex:7)
2024-10-17 16:40:16,959 [INFO] PluginManage:310 - Check plugin tutovideos
2024-10-17 16:40:17,054 [INFO] PluginManage:359 - Loaded plugin tutovideos (category:base,tabindex:-1)
2024-10-17 16:40:17,054 [INFO] PluginManage:310 - Check plugin updater
2024-10-17 16:40:17,065 [INFO] PluginManage:359 - Loaded plugin updater (category:base,tabindex:12)
2024-10-17 16:40:17,065 [INFO] PluginManage:310 - Check plugin userauth
2024-10-17 16:40:17,068 [INFO] UserAuth:113 - Init User Auth plugin
2024-10-17 16:40:17,068 [INFO] PluginManage:359 - Loaded plugin userauth (category:base,tabindex:14)
2024-10-17 16:40:17,068 [INFO] PluginManage:283 - PluginManage : Loaded plugins [18]
2024-10-17 16:40:17,181 [INFO] PinOutPanel:1561 - setPackage(No Configuration,No Configuration)
2024-10-17 16:40:17,233 [INFO] CADModel:165 - CPN selected for project level
2024-10-17 16:40:17,233 [INFO] CADModel:114 - Register for checkConnection events
2024-10-17 16:40:17,242 [INFO] IPUIPlugin:80 - create IPUIPlugin
2024-10-17 16:40:17,242 [INFO] PluginManager:220 - loadIPPluginJar : add adc
2024-10-17 16:40:17,244 [INFO] IPUIPlugin:80 - create IPUIPlugin
2024-10-17 16:40:17,244 [INFO] PluginManager:220 - loadIPPluginJar : add aes
2024-10-17 16:40:17,245 [INFO] IPUIPlugin:80 - create IPUIPlugin
2024-10-17 16:40:17,245 [INFO] PluginManager:220 - loadIPPluginJar : add can
2024-10-17 16:40:17,246 [INFO] IPUIPlugin:80 - create IPUIPlugin
2024-10-17 16:40:17,246 [INFO] PluginManager:220 - loadIPPluginJar : add comp
2024-10-17 16:40:17,247 [INFO] IPUIPlugin:80 - create IPUIPlugin
2024-10-17 16:40:17,247 [INFO] PluginManager:220 - loadIPPluginJar : add cryp
2024-10-17 16:40:17,249 [INFO] IPUIPlugin:80 - create IPUIPlugin
2024-10-17 16:40:17,249 [INFO] PluginManager:220 - loadIPPluginJar : add ddr_ctrl_phy
2024-10-17 16:40:17,251 [INFO] IPUIPlugin:80 - create IPUIPlugin
2024-10-17 16:40:17,251 [INFO] PluginManager:220 - loadIPPluginJar : add dfsdm
2024-10-17 16:40:17,254 [INFO] IPUIPlugin:80 - create IPUIPlugin
2024-10-17 16:40:17,255 [INFO] PluginManager:220 - loadIPPluginJar : add dma
2024-10-17 16:40:17,256 [INFO] IPUIPlugin:80 - create IPUIPlugin
2024-10-17 16:40:17,256 [INFO] PluginManager:220 - loadIPPluginJar : add dma3
2024-10-17 16:40:17,258 [INFO] IPUIPlugin:80 - create IPUIPlugin
2024-10-17 16:40:17,258 [INFO] PluginManager:220 - loadIPPluginJar : add extmemmanager
2024-10-17 16:40:17,259 [INFO] IPUIPlugin:80 - create IPUIPlugin
2024-10-17 16:40:17,259 [INFO] PluginManager:220 - loadIPPluginJar : add fatfs
2024-10-17 16:40:17,262 [INFO] IPUIPlugin:80 - create IPUIPlugin
2024-10-17 16:40:17,262 [INFO] PluginManager:220 - loadIPPluginJar : add fmc
2024-10-17 16:40:17,265 [INFO] IPUIPlugin:80 - create IPUIPlugin
2024-10-17 16:40:17,265 [INFO] PluginManager:220 - loadIPPluginJar : add freertos
2024-10-17 16:40:17,266 [INFO] IPUIPlugin:80 - create IPUIPlugin
2024-10-17 16:40:17,266 [INFO] PluginManager:220 - loadIPPluginJar : add genericplugin
2024-10-17 16:40:17,268 [INFO] IPUIPlugin:80 - create IPUIPlugin
2024-10-17 16:40:17,268 [INFO] PluginManager:220 - loadIPPluginJar : add gfxmmu
2024-10-17 16:40:17,270 [INFO] IPUIPlugin:80 - create IPUIPlugin
2024-10-17 16:40:17,270 [INFO] PluginManager:220 - loadIPPluginJar : add gic
2024-10-17 16:40:17,273 [INFO] IPUIPlugin:80 - create IPUIPlugin
2024-10-17 16:40:17,273 [INFO] PluginManager:220 - loadIPPluginJar : add gpio
2024-10-17 16:40:17,274 [INFO] IPUIPlugin:80 - create IPUIPlugin
2024-10-17 16:40:17,274 [INFO] PluginManager:220 - loadIPPluginJar : add gtzc
2024-10-17 16:40:17,276 [INFO] IPUIPlugin:80 - create IPUIPlugin
2024-10-17 16:40:17,276 [INFO] PluginManager:220 - loadIPPluginJar : add hash
2024-10-17 16:40:17,277 [INFO] IPUIPlugin:80 - create IPUIPlugin
2024-10-17 16:40:17,278 [INFO] PluginManager:220 - loadIPPluginJar : add i2c
2024-10-17 16:40:17,279 [INFO] IPUIPlugin:80 - create IPUIPlugin
2024-10-17 16:40:17,279 [INFO] PluginManager:220 - loadIPPluginJar : add i2s
2024-10-17 16:40:17,281 [INFO] IPUIPlugin:80 - create IPUIPlugin
2024-10-17 16:40:17,281 [INFO] PluginManager:220 - loadIPPluginJar : add i3c
2024-10-17 16:40:17,283 [INFO] IPUIPlugin:80 - create IPUIPlugin
2024-10-17 16:40:17,283 [INFO] PluginManager:220 - loadIPPluginJar : add ipddr
2024-10-17 16:40:17,288 [INFO] IPUIPlugin:80 - create IPUIPlugin
2024-10-17 16:40:17,288 [INFO] PluginManager:220 - loadIPPluginJar : add linkedlist
2024-10-17 16:40:17,290 [INFO] IPUIPlugin:80 - create IPUIPlugin
2024-10-17 16:40:17,290 [INFO] PluginManager:220 - loadIPPluginJar : add lorawan
2024-10-17 16:40:17,291 [INFO] IPUIPlugin:80 - create IPUIPlugin
2024-10-17 16:40:17,291 [INFO] PluginManager:220 - loadIPPluginJar : add ltdc
2024-10-17 16:40:17,294 [INFO] IPUIPlugin:80 - create IPUIPlugin
2024-10-17 16:40:17,294 [INFO] PluginManager:220 - loadIPPluginJar : add mdma
2024-10-17 16:40:17,296 [INFO] IPUIPlugin:80 - create IPUIPlugin
2024-10-17 16:40:17,296 [INFO] PluginManager:220 - loadIPPluginJar : add nvic
2024-10-17 16:40:17,298 [INFO] IPUIPlugin:80 - create IPUIPlugin
2024-10-17 16:40:17,298 [INFO] PluginManager:220 - loadIPPluginJar : add opamp
2024-10-17 16:40:17,300 [INFO] IPUIPlugin:80 - create IPUIPlugin
2024-10-17 16:40:17,300 [INFO] PluginManager:220 - loadIPPluginJar : add openamp
2024-10-17 16:40:17,302 [INFO] IPUIPlugin:80 - create IPUIPlugin
2024-10-17 16:40:17,302 [INFO] PluginManager:220 - loadIPPluginJar : add pdm2pcm
2024-10-17 16:40:17,305 [INFO] IPUIPlugin:80 - create IPUIPlugin
2024-10-17 16:40:17,307 [INFO] PluginManager:220 - loadIPPluginJar : add plateformsettings
2024-10-17 16:40:17,308 [INFO] IPUIPlugin:80 - create IPUIPlugin
2024-10-17 16:40:17,308 [INFO] PluginManager:220 - loadIPPluginJar : add quadspi
2024-10-17 16:40:17,309 [INFO] IPUIPlugin:80 - create IPUIPlugin
2024-10-17 16:40:17,309 [INFO] PluginManager:220 - loadIPPluginJar : add radio
2024-10-17 16:40:17,311 [INFO] IPUIPlugin:80 - create IPUIPlugin
2024-10-17 16:40:17,312 [INFO] PluginManager:220 - loadIPPluginJar : add resmgrutility
2024-10-17 16:40:17,313 [INFO] IPUIPlugin:80 - create IPUIPlugin
2024-10-17 16:40:17,314 [INFO] PluginManager:220 - loadIPPluginJar : add sai
2024-10-17 16:40:17,315 [INFO] IPUIPlugin:80 - create IPUIPlugin
2024-10-17 16:40:17,315 [INFO] PluginManager:220 - loadIPPluginJar : add spi
2024-10-17 16:40:17,318 [INFO] IPUIPlugin:80 - create IPUIPlugin
2024-10-17 16:40:17,319 [INFO] PluginManager:220 - loadIPPluginJar : add stm32_wpan
2024-10-17 16:40:17,320 [INFO] IPUIPlugin:80 - create IPUIPlugin
2024-10-17 16:40:17,320 [INFO] PluginManager:220 - loadIPPluginJar : add tim
2024-10-17 16:40:17,321 [INFO] IPUIPlugin:80 - create IPUIPlugin
2024-10-17 16:40:17,321 [INFO] PluginManager:220 - loadIPPluginJar : add touchsensing
2024-10-17 16:40:17,322 [INFO] IPUIPlugin:80 - create IPUIPlugin
2024-10-17 16:40:17,322 [INFO] PluginManager:220 - loadIPPluginJar : add tracer_emb
2024-10-17 16:40:17,323 [INFO] IPUIPlugin:80 - create IPUIPlugin
2024-10-17 16:40:17,323 [INFO] PluginManager:220 - loadIPPluginJar : add ts
2024-10-17 16:40:17,324 [INFO] IPUIPlugin:80 - create IPUIPlugin
2024-10-17 16:40:17,324 [INFO] PluginManager:220 - loadIPPluginJar : add tsc
2024-10-17 16:40:17,325 [INFO] IPUIPlugin:80 - create IPUIPlugin
2024-10-17 16:40:17,325 [INFO] PluginManager:220 - loadIPPluginJar : add ucpd
2024-10-17 16:40:17,327 [INFO] IPUIPlugin:80 - create IPUIPlugin
2024-10-17 16:40:17,327 [INFO] PluginManager:220 - loadIPPluginJar : add usart
2024-10-17 16:40:17,329 [INFO] IPUIPlugin:80 - create IPUIPlugin
2024-10-17 16:40:17,329 [INFO] PluginManager:220 - loadIPPluginJar : add usbx
2024-10-17 16:40:17,433 [INFO] CADModel:165 - CPN selected for project level
2024-10-17 16:40:17,433 [INFO] CADModel:114 - Register for checkConnection events
2024-10-17 16:40:17,433 [FATAL] Updater:334 - Updater called before beeing initialized
2024-10-17 16:40:17,433 [ERROR] CADModel:125 - Updater not yet initialized, retry later 
2024-10-17 16:40:17,506 [INFO] CADModel:165 - CPN selected for project level
2024-10-17 16:40:17,506 [INFO] CADModel:114 - Register for checkConnection events
2024-10-17 16:40:17,506 [FATAL] Updater:334 - Updater called before beeing initialized
2024-10-17 16:40:17,506 [ERROR] CADModel:125 - Updater not yet initialized, retry later 
2024-10-17 16:40:17,508 [FATAL] Updater:334 - Updater called before beeing initialized
2024-10-17 16:40:17,578 [FATAL] Updater:334 - Updater called before beeing initialized
2024-10-17 16:40:17,581 [INFO] DbMcusAds:53 - JSON generation date=Fri Sep 20 10:04:23 BRT 2024 (1726837463113)
2024-10-17 16:40:17,581 [FATAL] Updater:334 - Updater called before beeing initialized
2024-10-17 16:40:17,605 [WARN] DetailPanel:346 - Failed to get advertising image, set to default
2024-10-17 16:40:17,669 [FATAL] Updater:334 - Updater called before beeing initialized
2024-10-17 16:40:17,670 [FATAL] Updater:334 - Updater called before beeing initialized
2024-10-17 16:40:17,671 [FATAL] Updater:334 - Updater called before beeing initialized
2024-10-17 16:40:17,671 [WARN] DetailPanel:346 - Failed to get advertising image, set to default
2024-10-17 16:40:17,671 [FATAL] Updater:334 - Updater called before beeing initialized
2024-10-17 16:40:17,698 [ERROR] Updater:1164 - MainUpdater not yet initialized. External WinMGr cannot be set.
2024-10-17 16:40:17,699 [INFO] Updater:1100 - Updater Version found : 6.12.0
2024-10-17 16:40:17,710 [INFO] ApplicationProperties:184 - Using Application install path: C:\ST\STM32CubeIDE_1.15.1\STM32CubeIDE\plugins\com.st.stm32cube.common.mx_6.12.0.202406281431
2024-10-17 16:40:17,867 [INFO] MainUpdater:2873 - connection check result : 10
2024-10-17 16:40:17,868 [INFO] MainUpdater:290 - Updater Check For Update Now.
2024-10-17 16:40:17,868 [INFO] MicroXplorer:498 - Change Database Version : DB.6.0.120
2024-10-17 16:40:17,871 [INFO] McuFinderGlobals:63 - Set McuFinder mode to 2 (CubeIDE integrated)
2024-10-17 16:40:17,872 [INFO] UserAuth:417 - Internet connection configuration mode: 1
2024-10-17 16:40:17,880 [INFO] JxBrowserEngine:152 - Initiate JxBrowser Engine with user profile folder
2024-10-17 16:40:18,035 [INFO] CheckServerUpdateThread:120 - End of CheckServer Thread
2024-10-17 16:40:18,248 [INFO] WebApp:167 - Instantiating new browser for Auth
2024-10-17 16:40:18,663 [INFO] WebApp:448 - Apply proxy settings
2024-10-17 16:40:18,663 [INFO] WebApp:533 - Chromium requires no authentication
2024-10-17 16:40:18,669 [INFO] WebApp:476 - Direct internet connection detected
2024-10-17 16:40:18,681 [INFO] WebApp:869 - Register for checkConnection events
2024-10-17 16:40:18,681 [INFO] WebApp:448 - Apply proxy settings
2024-10-17 16:40:18,682 [INFO] WebApp:533 - Chromium requires no authentication
2024-10-17 16:40:18,682 [INFO] WebApp:476 - Direct internet connection detected
2024-10-17 16:40:18,775 [INFO] WebApp:220 - Starting web application
2024-10-17 16:40:18,775 [INFO] WebApp:578 - Web application path used C:\ST\STM32CubeIDE_1.15.1\STM32CubeIDE\plugins\com.st.stm32cube.common.mx_6.12.0.202406281431\db\plugins\mcufinder\reactClient1\index.html
2024-10-17 16:40:18,832 [INFO] UserAuth:417 - Internet connection configuration mode: 1
2024-10-17 16:40:19,552 [INFO] WebApp:186 - Connection restablished
2024-10-17 16:40:20,086 [WARN] PackLoader:240 - Cannot read IP mode file for STMicroelectronics.FP-SNS-MOTENVWB1.1.4.0
2024-10-17 16:40:20,095 [WARN] PackLoader:240 - Cannot read IP mode file for STMicroelectronics.X-CUBE-SMBUS.2.1.0
2024-10-17 16:40:20,101 [WARN] PackLoader:240 - Cannot read IP mode file for STMicroelectronics.X-CUBE-WB05N.1.1.0
2024-10-17 16:40:20,124 [WARN] PackLoader:240 - Cannot read IP mode file for STMicroelectronics.X-CUBE-AZRTOS-F7.1.1.0
2024-10-17 16:40:20,172 [WARN] PackLoader:240 - Cannot read IP mode file for STMicroelectronics.X-CUBE-MEMS1.11.0.0
2024-10-17 16:40:20,291 [WARN] PackLoader:240 - Cannot read IP mode file for STMicroelectronics.FP-SNS-FLIGHT1.5.0.2
2024-10-17 16:40:20,297 [WARN] PackLoader:240 - Cannot read IP mode file for STMicroelectronics.X-CUBE-DISPLAY.3.0.0
2024-10-17 16:40:20,302 [WARN] PackLoader:240 - Cannot read IP mode file for STMicroelectronics.X-CUBE-BLE1.7.0.0
2024-10-17 16:40:20,307 [WARN] PackLoader:240 - Cannot read IP mode file for STMicroelectronics.X-CUBE-NFC10.1.0.0
2024-10-17 16:40:20,312 [WARN] PackLoader:240 - Cannot read IP mode file for emotas.I-CUBE-CANOPEN.1.3.0
2024-10-17 16:40:20,322 [WARN] PackLoader:240 - Cannot read IP mode file for STMicroelectronics.X-CUBE-BLEMGR.3.1.0
2024-10-17 16:40:20,326 [WARN] PackLoader:240 - Cannot read IP mode file for STMicroelectronics.FP-SNS-SMARTAG2.1.2.0
2024-10-17 16:40:20,333 [INFO] LogOutputStream:77 - [STDOUT_REDIRECT] 1 : Invalid condition id : UX_CORESTACK_Condition cause : null
2024-10-17 16:40:20,333 [INFO] LogOutputStream:77 - [STDOUT_REDIRECT] 1 : Invalid condition id : UX_CORESTACK_Condition cause : null
2024-10-17 16:40:20,334 [INFO] LogOutputStream:77 - [STDOUT_REDIRECT] 1 : Invalid condition id : UX_CORESTACK_Condition cause : null
2024-10-17 16:40:20,335 [INFO] LogOutputStream:77 - [STDOUT_REDIRECT] 1 : Invalid condition id : UX_CORESTACK_Condition cause : null
2024-10-17 16:40:20,336 [INFO] LogOutputStream:77 - [STDOUT_REDIRECT] 1 : Invalid condition id : UX_CORESTACK_Condition cause : null
2024-10-17 16:40:20,337 [WARN] PackLoader:240 - Cannot read IP mode file for STMicroelectronics.X-CUBE-AZRTOS-WL.2.0.0
2024-10-17 16:40:20,342 [WARN] PackLoader:240 - Cannot read IP mode file for STMicroelectronics.FP-SNS-MOTENV1.5.0.0
2024-10-17 16:40:20,346 [WARN] PackLoader:240 - Cannot read IP mode file for wolfSSL.I-CUBE-wolfMQTT.1.19.0
2024-10-17 16:40:20,352 [WARN] PackLoader:240 - Cannot read IP mode file for WES.I-CUBE-Cesium.1.3.0
2024-10-17 16:40:20,355 [WARN] PackLoader:240 - Cannot read IP mode file for STMicroelectronics.X-CUBE-BLE2.3.3.0
2024-10-17 16:40:20,362 [WARN] PackLoader:240 - Cannot read IP mode file for STMicroelectronics.X-CUBE-NFC9.1.0.0
2024-10-17 16:40:20,367 [WARN] PackLoader:240 - Cannot read IP mode file for STMicroelectronics.X-CUBE-TCPP.4.1.0
2024-10-17 16:40:20,379 [WARN] PackLoader:240 - Cannot read IP mode file for STMicroelectronics.X-CUBE-AZRTOS-G0.1.1.0
2024-10-17 16:40:20,383 [WARN] PackLoader:240 - Cannot read IP mode file for STMicroelectronics.X-CUBE-SAFEA1.1.2.2
2024-10-17 16:40:20,387 [WARN] PackLoader:240 - Cannot read IP mode file for STMicroelectronics.X-CUBE-NFC4.3.0.0
2024-10-17 16:40:20,392 [WARN] PackLoader:240 - Cannot read IP mode file for EmbeddedOffice.I-CUBE-FS-RTOS.1.0.1
2024-10-17 16:40:20,392 [ERROR] ConditionMgr:805 - Attr not supported : Dmpu
2024-10-17 16:40:20,392 [ERROR] ConditionMgr:805 - Attr not supported : Dmpu
2024-10-17 16:40:20,392 [ERROR] ConditionMgr:805 - Attr not supported : Dmpu
2024-10-17 16:40:20,392 [ERROR] ConditionMgr:805 - Attr not supported : Dmpu
2024-10-17 16:40:20,393 [ERROR] ConditionMgr:805 - Attr not supported : Dmpu
2024-10-17 16:40:20,393 [ERROR] ConditionMgr:805 - Attr not supported : Dmpu
2024-10-17 16:40:20,393 [ERROR] ConditionMgr:805 - Attr not supported : Dmpu
2024-10-17 16:40:20,393 [ERROR] ConditionMgr:805 - Attr not supported : Dmpu
2024-10-17 16:40:20,393 [ERROR] ConditionMgr:805 - Attr not supported : Dmpu
2024-10-17 16:40:20,393 [ERROR] ConditionMgr:805 - Attr not supported : Dmpu
2024-10-17 16:40:20,393 [ERROR] ConditionMgr:805 - Attr not supported : Dmpu
2024-10-17 16:40:20,393 [ERROR] ConditionMgr:805 - Attr not supported : Dmpu
2024-10-17 16:40:20,393 [ERROR] ConditionMgr:805 - Attr not supported : Dmpu
2024-10-17 16:40:20,393 [ERROR] ConditionMgr:805 - Attr not supported : Dmpu
2024-10-17 16:40:20,393 [ERROR] ConditionMgr:805 - Attr not supported : Dmpu
2024-10-17 16:40:20,393 [ERROR] ConditionMgr:805 - Attr not supported : Dmpu
2024-10-17 16:40:20,393 [ERROR] ConditionMgr:805 - Attr not supported : Dmpu
2024-10-17 16:40:20,393 [ERROR] ConditionMgr:805 - Attr not supported : Dmpu
2024-10-17 16:40:20,393 [ERROR] ConditionMgr:805 - Attr not supported : Dmpu
2024-10-17 16:40:20,393 [ERROR] ConditionMgr:805 - Attr not supported : Dmpu
2024-10-17 16:40:20,393 [ERROR] ConditionMgr:805 - Attr not supported : Dmpu
2024-10-17 16:40:20,394 [ERROR] ConditionMgr:805 - Attr not supported : Dmpu
2024-10-17 16:40:20,394 [ERROR] ConditionMgr:805 - Attr not supported : Dmpu
2024-10-17 16:40:20,394 [ERROR] ConditionMgr:805 - Attr not supported : Dmpu
2024-10-17 16:40:20,394 [ERROR] ConditionMgr:805 - Attr not supported : Dmpu
2024-10-17 16:40:20,394 [ERROR] ConditionMgr:805 - Attr not supported : Dmpu
2024-10-17 16:40:20,394 [ERROR] ConditionMgr:805 - Attr not supported : Dmpu
2024-10-17 16:40:20,394 [ERROR] ConditionMgr:805 - Attr not supported : Dmpu
2024-10-17 16:40:20,394 [ERROR] ConditionMgr:805 - Attr not supported : Dmpu
2024-10-17 16:40:20,394 [ERROR] ConditionMgr:805 - Attr not supported : Dmpu
2024-10-17 16:40:20,394 [ERROR] ConditionMgr:805 - Attr not supported : Dmpu
2024-10-17 16:40:20,394 [ERROR] ConditionMgr:805 - Attr not supported : Dmpu
2024-10-17 16:40:20,394 [ERROR] ConditionMgr:805 - Attr not supported : Dmpu
2024-10-17 16:40:20,394 [ERROR] ConditionMgr:805 - Attr not supported : Dmpu
2024-10-17 16:40:20,394 [ERROR] ConditionMgr:805 - Attr not supported : Dmpu
2024-10-17 16:40:20,394 [ERROR] ConditionMgr:805 - Attr not supported : Dmpu
2024-10-17 16:40:20,394 [ERROR] ConditionMgr:805 - Attr not supported : Dmpu
2024-10-17 16:40:20,394 [ERROR] ConditionMgr:805 - Attr not supported : Dmpu
2024-10-17 16:40:20,394 [ERROR] ConditionMgr:805 - Attr not supported : Dmpu
2024-10-17 16:40:20,395 [ERROR] ConditionMgr:805 - Attr not supported : Dmpu
2024-10-17 16:40:20,395 [ERROR] ConditionMgr:805 - Attr not supported : Dmpu
2024-10-17 16:40:20,395 [ERROR] ConditionMgr:805 - Attr not supported : Dmpu
2024-10-17 16:40:20,395 [ERROR] ConditionMgr:805 - Attr not supported : Dmpu
2024-10-17 16:40:20,395 [ERROR] ConditionMgr:805 - Attr not supported : Dmpu
2024-10-17 16:40:20,395 [ERROR] ConditionMgr:805 - Attr not supported : Dmpu
2024-10-17 16:40:20,395 [ERROR] ConditionMgr:805 - Attr not supported : Dmpu
2024-10-17 16:40:20,395 [ERROR] ConditionMgr:805 - Attr not supported : Dmpu
2024-10-17 16:40:20,395 [ERROR] ConditionMgr:805 - Attr not supported : Dmpu
2024-10-17 16:40:20,395 [ERROR] ConditionMgr:805 - Attr not supported : Dmpu
2024-10-17 16:40:20,395 [ERROR] ConditionMgr:805 - Attr not supported : Dmpu
2024-10-17 16:40:20,395 [ERROR] ConditionMgr:805 - Attr not supported : Dmpu
2024-10-17 16:40:20,395 [ERROR] ConditionMgr:805 - Attr not supported : Dmpu
2024-10-17 16:40:20,395 [ERROR] ConditionMgr:805 - Attr not supported : Dmpu
2024-10-17 16:40:20,395 [ERROR] ConditionMgr:805 - Attr not supported : Dmpu
2024-10-17 16:40:20,395 [ERROR] ConditionMgr:805 - Attr not supported : Dmpu
2024-10-17 16:40:20,395 [ERROR] ConditionMgr:805 - Attr not supported : Dmpu
2024-10-17 16:40:20,395 [ERROR] ConditionMgr:805 - Attr not supported : Dmpu
2024-10-17 16:40:20,395 [ERROR] ConditionMgr:805 - Attr not supported : Dmpu
2024-10-17 16:40:20,395 [ERROR] ConditionMgr:805 - Attr not supported : Dmpu
2024-10-17 16:40:20,395 [ERROR] ConditionMgr:805 - Attr not supported : Dmpu
2024-10-17 16:40:20,395 [ERROR] ConditionMgr:805 - Attr not supported : Dmpu
2024-10-17 16:40:20,396 [ERROR] ConditionMgr:805 - Attr not supported : Dmpu
2024-10-17 16:40:20,396 [ERROR] ConditionMgr:805 - Attr not supported : Dmpu
2024-10-17 16:40:20,396 [ERROR] ConditionMgr:805 - Attr not supported : Dmpu
2024-10-17 16:40:20,399 [WARN] PackLoader:240 - Cannot read IP mode file for RealThread.X-CUBE-RT-Thread_Nano.4.1.1
2024-10-17 16:40:20,401 [WARN] PackLoader:240 - Cannot read IP mode file for STMicroelectronics.FP-ATR-SIGFOX1.3.2.0
2024-10-17 16:40:20,403 [WARN] PackLoader:240 - Cannot read IP mode file for wolfSSL.I-CUBE-wolfSSL.5.7.2
2024-10-17 16:40:20,406 [WARN] PackLoader:240 - Cannot read IP mode file for STMicroelectronics.X-CUBE-EEPRMA1.5.1.0
2024-10-17 16:40:20,410 [WARN] PackLoader:240 - Cannot read IP mode file for ITTIA_DB.I-CUBE-ITTIADB.8.9.0
2024-10-17 16:40:20,427 [WARN] PackLoader:240 - Cannot read IP mode file for SEGGER.I-CUBE-embOS.1.3.1
2024-10-17 16:40:20,453 [WARN] PackLoader:240 - Cannot read IP mode file for STMicroelectronics.X-CUBE-ALGOBUILD.1.4.0
2024-10-17 16:40:20,455 [WARN] PackLoader:240 - Cannot read IP mode file for STMicroelectronics.X-CUBE-AI.9.1.0
2024-10-17 16:40:20,458 [WARN] PackLoader:240 - Cannot read IP mode file for STMicroelectronics.X-CUBE-GNSS1.6.0.0
2024-10-17 16:40:20,468 [WARN] PackLoader:240 - Cannot read IP mode file for STMicroelectronics.X-CUBE-AZRTOS-F4.1.1.0
2024-10-17 16:40:20,472 [WARN] PackLoader:240 - Cannot read IP mode file for STMicroelectronics.X-CUBE-ISPU.2.1.0
2024-10-17 16:40:20,475 [WARN] PackLoader:240 - Cannot read IP mode file for STMicroelectronics.X-CUBE-FREERTOS.1.2.0
2024-10-17 16:40:20,485 [WARN] PackLoader:240 - Cannot read IP mode file for STMicroelectronics.X-CUBE-AZRTOS-L5.2.0.0
2024-10-17 16:40:20,491 [WARN] PackLoader:240 - Cannot read IP mode file for STMicroelectronics.X-CUBE-NFC6.3.1.0
2024-10-17 16:40:20,495 [WARN] PackLoader:240 - Cannot read IP mode file for STMicroelectronics.X-CUBE-DPower.1.2.0
2024-10-17 16:40:20,497 [WARN] PackLoader:240 - Cannot read IP mode file for STMicroelectronics.X-CUBE-AI.9.0.0
2024-10-17 16:40:20,500 [WARN] PackLoader:240 - Cannot read IP mode file for STMicroelectronics.X-CUBE-NFC7.1.0.1
2024-10-17 16:40:20,503 [WARN] PackLoader:240 - Cannot read IP mode file for wolfSSL.I-CUBE-wolfTPM.3.2.0
2024-10-17 16:40:20,515 [WARN] ConditionMgr:438 - getConditionDescription Invalid condition id : LAN8742 Phy interface Condition cause : null
2024-10-17 16:40:20,516 [WARN] PackLoader:240 - Cannot read IP mode file for STMicroelectronics.X-CUBE-AZRTOS-L4.2.0.0
2024-10-17 16:40:20,517 [WARN] ConditionMgr:1039 - genDependencies : Invalid condition id : LAN8742 Phy interface Condition cause : null
2024-10-17 16:40:20,517 [WARN] ConditionMgr:1039 - genDependencies : Invalid condition id : LAN8742 Phy interface Condition cause : null
2024-10-17 16:40:20,517 [WARN] ConditionMgr:1039 - genDependencies : Invalid condition id : LAN8742 Phy interface Condition cause : null
2024-10-17 16:40:20,523 [WARN] PackLoader:240 - Cannot read IP mode file for STMicroelectronics.X-CUBE-SFXS2LP1.4.0.0
2024-10-17 16:40:20,541 [WARN] PackLoader:240 - Cannot read IP mode file for STMicroelectronics.X-CUBE-AZRTOS-H7.3.3.0
2024-10-17 16:40:20,550 [WARN] PackLoader:240 - Cannot read IP mode file for STMicroelectronics.X-CUBE-IPS.3.0.0
2024-10-17 16:40:20,560 [WARN] ConditionMgr:438 - getConditionDescription Invalid condition id : UX DEVICE CLASS RTOS Condition cause : null
2024-10-17 16:40:20,561 [WARN] ConditionMgr:438 - getConditionDescription Invalid condition id : UX DEVICE CLASS RTOS Condition cause : null
2024-10-17 16:40:20,562 [WARN] PackLoader:240 - Cannot read IP mode file for STMicroelectronics.X-CUBE-AZRTOS-WB.2.0.0
2024-10-17 16:40:20,562 [WARN] ConditionMgr:1039 - genDependencies : Invalid condition id : UX DEVICE CLASS RTOS Condition cause : null
2024-10-17 16:40:20,562 [WARN] ConditionMgr:1039 - genDependencies : Invalid condition id : UX DEVICE CLASS RTOS Condition cause : null
2024-10-17 16:40:20,563 [WARN] ConditionMgr:1039 - genDependencies : Invalid condition id : UX DEVICE CLASS RTOS Condition cause : null
2024-10-17 16:40:20,563 [WARN] ConditionMgr:1039 - genDependencies : Invalid condition id : UX DEVICE CLASS RTOS Condition cause : null
2024-10-17 16:40:20,563 [WARN] ConditionMgr:1039 - genDependencies : Invalid condition id : UX DEVICE CLASS RTOS Condition cause : null
2024-10-17 16:40:20,566 [WARN] PackLoader:240 - Cannot read IP mode file for STMicroelectronics.X-CUBE-GNSS1.7.0.0
2024-10-17 16:40:20,574 [WARN] PackLoader:240 - Cannot read IP mode file for STMicroelectronics.FP-SNS-STBOX1.2.0.0
2024-10-17 16:40:20,582 [WARN] PackLoader:240 - Cannot read IP mode file for STMicroelectronics.X-CUBE-SUBG2.5.0.0
2024-10-17 16:40:20,588 [WARN] PackLoader:240 - Cannot read IP mode file for Cesanta.I-CUBE-Mongoose.7.13.0
2024-10-17 16:40:20,597 [WARN] PackLoader:240 - Cannot read IP mode file for STMicroelectronics.X-CUBE-AZRTOS-G4.2.0.0
2024-10-17 16:40:20,600 [WARN] PackLoader:240 - Cannot read IP mode file for STMicroelectronics.X-CUBE-ISPU.2.0.0
2024-10-17 16:40:20,603 [WARN] PackLoader:240 - Cannot read IP mode file for STMicroelectronics.X-CUBE-ALS.1.0.2
2024-10-17 16:40:20,623 [WARN] PackLoader:240 - Cannot read IP mode file for STMicroelectronics.X-CUBE-MEMS1.10.0.0
2024-10-17 16:40:20,699 [WARN] PackLoader:240 - Cannot read IP mode file for STMicroelectronics.X-CUBE-TOUCHGFX.4.24.0
2024-10-17 16:40:20,700 [WARN] PackLoader:240 - Cannot read IP mode file for STMicroelectronics.X-CUBE-TOUCHGFX.4.24.1
2024-10-17 16:40:20,703 [WARN] PackLoader:240 - Cannot read IP mode file for portGmbH.I-Cube-SoM-uGOAL.1.1.0
2024-10-17 16:40:20,713 [WARN] PackLoader:240 - Cannot read IP mode file for STMicroelectronics.X-CUBE-AZRTOS-H7RS.1.0.0
2024-10-17 16:40:20,716 [WARN] PackLoader:240 - Cannot read IP mode file for STMicroelectronics.FP-ATR-ASTRA1.2.0.0
2024-10-17 16:40:20,722 [WARN] PackLoader:240 - Cannot read IP mode file for STMicroelectronics.X-CUBE-TOF1.3.4.2
2024-10-17 16:40:20,739 [WARN] PackLoader:240 - Cannot read IP mode file for Infineon.AIROC-Wi-Fi-Bluetooth-STM32.1.6.1
2024-10-17 16:40:20,794 [WARN] PackLoader:240 - Cannot read IP mode file for wolfSSL.I-CUBE-wolfSSH.1.4.17
2024-10-17 16:40:20,795 [INFO] ThirdParty:978 - Integrity check success = true
2024-10-17 16:40:20,795 [INFO] IntegrityCheckThread:100 - exiting critical section [integrity check]
2024-10-17 16:40:20,795 [INFO] IntegrityCheckThread:103 - End integrity checks thread
2024-10-17 17:46:20,966 [ERROR] LogOutputStream:75 - [STDERR_REDIRECT] 
